[    0.000000] Initializing cgroup subsys cpuset
[    0.000000] Initializing cgroup subsys cpu
[    0.000000] Initializing cgroup subsys cpuacct
[    0.000000] Linux version 4.4.0-186-generic (buildd@lcy01-amd64-002) (gcc version 5.4.0 20160609 (Ubuntu 5.4.0-6ubuntu1~16.04.12) ) #216-Ubuntu SMP Wed Jul 1 05:34:05 UTC 2020 (Ubuntu 4.4.0-186.216-generic 4.4.228)
[    0.000000] Command line: BOOT_IMAGE=/boot/vmlinuz-4.4.0-186-generic root=LABEL=cloudimg-rootfs ro console=tty1 console=ttyS0
[    0.000000] KERNEL supported cpus:
[    0.000000]   Intel GenuineIntel
[    0.000000]   AMD AuthenticAMD
[    0.000000]   Centaur CentaurHauls
[    0.000000] x86/fpu: xstate_offset[2]:  576, xstate_sizes[2]:  256
[    0.000000] x86/fpu: Supporting XSAVE feature 0x01: 'x87 floating point registers'
[    0.000000] x86/fpu: Supporting XSAVE feature 0x02: 'SSE registers'
[    0.000000] x86/fpu: Supporting XSAVE feature 0x04: 'AVX registers'
[    0.000000] x86/fpu: Enabled xstate features 0x7, context size is 832 bytes, using 'standard' format.
[    0.000000] e820: BIOS-provided physical RAM map:
[    0.000000] BIOS-e820: [mem 0x0000000000000000-0x000000000009fbff] usable
[    0.000000] BIOS-e820: [mem 0x000000000009fc00-0x000000000009ffff] reserved
[    0.000000] BIOS-e820: [mem 0x00000000000f0000-0x00000000000fffff] reserved
[    0.000000] BIOS-e820: [mem 0x0000000000100000-0x000000003ffeffff] usable
[    0.000000] BIOS-e820: [mem 0x000000003fff0000-0x000000003fffffff] ACPI data
[    0.000000] BIOS-e820: [mem 0x00000000fec00000-0x00000000fec00fff] reserved
[    0.000000] BIOS-e820: [mem 0x00000000fee00000-0x00000000fee00fff] reserved
[    0.000000] BIOS-e820: [mem 0x00000000fffc0000-0x00000000ffffffff] reserved
[    0.000000] NX (Execute Disable) protection: active
[    0.000000] SMBIOS 2.5 present.
[    0.000000] Hypervisor detected: KVM
[    0.000000] e820: last_pfn = 0x3fff0 max_arch_pfn = 0x400000000
[    0.000000] MTRR: Disabled
[    0.000000] x86/PAT: MTRRs disabled, skipping PAT initialization too.
[    0.000000] CPU MTRRs all blank - virtualized system.
[    0.000000] x86/PAT: Configuration [0-7]: WB  WT  UC- UC  WB  WT  UC- UC  
[    0.000000] found SMP MP-table at [mem 0x0009fff0-0x0009ffff] mapped at [ffff88000009fff0]
[    0.000000] Scanning 1 areas for low memory corruption
[    0.000000] RAMDISK: [mem 0x362e0000-0x37167fff]
[    0.000000] ACPI: Early table checksum verification disabled
[    0.000000] ACPI: RSDP 0x00000000000E0000 000024 (v02 VBOX  )
[    0.000000] ACPI: XSDT 0x000000003FFF0030 00003C (v01 VBOX   VBOXXSDT 00000001 ASL  00000061)
[    0.000000] ACPI: FACP 0x000000003FFF00F0 0000F4 (v04 VBOX   VBOXFACP 00000001 ASL  00000061)
[    0.000000] ACPI: DSDT 0x000000003FFF0470 002325 (v02 VBOX   VBOXBIOS 00000002 INTL 20100528)
[    0.000000] ACPI: FACS 0x000000003FFF0200 000040
[    0.000000] ACPI: FACS 0x000000003FFF0200 000040
[    0.000000] ACPI: APIC 0x000000003FFF0240 00005C (v02 VBOX   VBOXAPIC 00000001 ASL  00000061)
[    0.000000] ACPI: SSDT 0x000000003FFF02A0 0001CC (v01 VBOX   VBOXCPUT 00000002 INTL 20100528)
[    0.000000] No NUMA configuration found
[    0.000000] Faking a node at [mem 0x0000000000000000-0x000000003ffeffff]
[    0.000000] NODE_DATA(0) allocated [mem 0x3ffeb000-0x3ffeffff]
[    0.000000] kvm-clock: Using msrs 4b564d01 and 4b564d00
[    0.000000] kvm-clock: cpu 0, msr 0:3ffe3001, primary cpu clock
[    0.000000] kvm-clock: using sched offset of 6268543358 cycles
[    0.000000] clocksource: kvm-clock: mask: 0xffffffffffffffff max_cycles: 0x1cd42e4dffb, max_idle_ns: 881590591483 ns
[    0.000000] Zone ranges:
[    0.000000]   DMA      [mem 0x0000000000001000-0x0000000000ffffff]
[    0.000000]   DMA32    [mem 0x0000000001000000-0x000000003ffeffff]
[    0.000000]   Normal   empty
[    0.000000]   Device   empty
[    0.000000] Movable zone start for each node
[    0.000000] Early memory node ranges
[    0.000000]   node   0: [mem 0x0000000000001000-0x000000000009efff]
[    0.000000]   node   0: [mem 0x0000000000100000-0x000000003ffeffff]
[    0.000000] Initmem setup node 0 [mem 0x0000000000001000-0x000000003ffeffff]
[    0.000000] ACPI: PM-Timer IO Port: 0x4008
[    0.000000] IOAPIC[0]: apic_id 2, version 32, address 0xfec00000, GSI 0-23
[    0.000000] ACPI: INT_SRC_OVR (bus 0 bus_irq 0 global_irq 2 dfl dfl)
[    0.000000] ACPI: INT_SRC_OVR (bus 0 bus_irq 9 global_irq 9 low level)
[    0.000000] Using ACPI (MADT) for SMP configuration information
[    0.000000] smpboot: Allowing 2 CPUs, 0 hotplug CPUs
[    0.000000] PM: Registered nosave memory: [mem 0x00000000-0x00000fff]
[    0.000000] PM: Registered nosave memory: [mem 0x0009f000-0x0009ffff]
[    0.000000] PM: Registered nosave memory: [mem 0x000a0000-0x000effff]
[    0.000000] PM: Registered nosave memory: [mem 0x000f0000-0x000fffff]
[    0.000000] e820: [mem 0x40000000-0xfebfffff] available for PCI devices
[    0.000000] Booting paravirtualized kernel on KVM
[    0.000000] clocksource: refined-jiffies: mask: 0xffffffff max_cycles: 0xffffffff, max_idle_ns: 7645519600211568 ns
[    0.000000] setup_percpu: NR_CPUS:512 nr_cpumask_bits:512 nr_cpu_ids:2 nr_node_ids:1
[    0.000000] PERCPU: Embedded 33 pages/cpu @ffff88003fc00000 s95512 r8192 d31464 u1048576
[    0.000000] Built 1 zonelists in Node order, mobility grouping on.  Total pages: 257912
[    0.000000] Policy zone: DMA32
[    0.000000] Kernel command line: BOOT_IMAGE=/boot/vmlinuz-4.4.0-186-generic root=LABEL=cloudimg-rootfs ro console=tty1 console=ttyS0
[    0.000000] PID hash table entries: 4096 (order: 3, 32768 bytes)
[    0.000000] Memory: 997664K/1048120K available (8636K kernel code, 1337K rwdata, 4040K rodata, 1492K init, 1296K bss, 50456K reserved, 0K cma-reserved)
[    0.000000] SLUB: HWalign=64, Order=0-3, MinObjects=0, CPUs=2, Nodes=1
[    0.000000] Kernel/User page tables isolation: enabled
[    0.000000] Hierarchical RCU implementation.
[    0.000000] 	Build-time adjustment of leaf fanout to 64.
[    0.000000] 	RCU restricting CPUs from NR_CPUS=512 to nr_cpu_ids=2.
[    0.000000] RCU: Adjusting geometry for rcu_fanout_leaf=64, nr_cpu_ids=2
[    0.000000] NR_IRQS:33024 nr_irqs:440 16
[    0.000000] Console: colour VGA+ 80x25
[    0.000000] console [tty1] enabled
[    0.000000] console [ttyS0] enabled
[    0.000000] tsc: Detected 1799.999 MHz processor
[    0.504252] Calibrating delay loop (skipped) preset value.. 3599.99 BogoMIPS (lpj=7199996)
[    0.507354] pid_max: default: 32768 minimum: 301
[    0.509695] ACPI: Core revision 20150930
[    0.514079] ACPI: 2 ACPI AML tables successfully acquired and loaded
[    0.516965] Security Framework initialized
[    0.518212] Yama: becoming mindful.
[    0.520480] AppArmor: AppArmor initialized
[    0.523454] Dentry cache hash table entries: 131072 (order: 8, 1048576 bytes)
[    0.533751] Inode-cache hash table entries: 65536 (order: 7, 524288 bytes)
[    0.537544] Mount-cache hash table entries: 2048 (order: 2, 16384 bytes)
[    0.542178] Mountpoint-cache hash table entries: 2048 (order: 2, 16384 bytes)
[    0.548224] Initializing cgroup subsys io
[    0.549500] Initializing cgroup subsys memory
[    0.551067] Initializing cgroup subsys devices
[    0.552640] Initializing cgroup subsys freezer
[    0.554089] Initializing cgroup subsys net_cls
[    0.555550] Initializing cgroup subsys perf_event
[    0.558268] Initializing cgroup subsys net_prio
[    0.562617] Initializing cgroup subsys hugetlb
[    0.564174] Initializing cgroup subsys pids
[    0.575672] mce: CPU supports 0 MCE banks
[    0.580334] Last level iTLB entries: 4KB 64, 2MB 8, 4MB 8
[    0.582278] Last level dTLB entries: 4KB 64, 2MB 0, 4MB 0, 1GB 4
[    0.584408] Spectre V1 : Mitigation: usercopy/swapgs barriers and __user pointer sanitization
[    0.587310] Spectre V2 : Mitigation: Full generic retpoline
[    0.588983] Spectre V2 : Spectre v2 / SpectreRSB mitigation: Filling RSB on context switch
[    0.594596] Speculative Store Bypass: Vulnerable
[    0.596831] SRBDS: Unknown: Dependent on hypervisor status
[    0.599943] MDS: Mitigation: Clear CPU buffers
[    0.605699] Freeing SMP alternatives memory: 36K
[    0.622144] ftrace: allocating 32334 entries in 127 pages
[    0.705412] smpboot: APIC(0) Converting physical 0 to logical package 0
[    0.708177] smpboot: Max logical packages: 1
[    0.712373] x2apic enabled
[    0.713508] Switched APIC routing to physical x2apic.
[    0.716413] ..TIMER: vector=0x30 apic1=0 pin1=2 apic2=-1 pin2=-1
[    0.826270] APIC calibration not consistent with PM-Timer: 98ms instead of 100ms
[    0.831015] APIC delta adjusted to PM-Timer: 6253243 (6145090)
[    0.833218] smpboot: CPU0: Intel(R) Core(TM) i5-5350U CPU @ 1.80GHz (family: 0x6, model: 0x3d, stepping: 0x4)
[    0.836592] Performance Events: unsupported p6 CPU model 61 no PMU driver, software events only.
[    0.855769] KVM setup paravirtual spinlock
[    0.858992] x86: Booting SMP configuration:
[    0.865810] .... node  #0, CPUs:      #1
[    0.867399] kvm-clock: cpu 1, msr 0:3ffe3041, secondary cpu clock
[    0.882725] mce: CPU supports 0 MCE banks
[    0.889619] x86: Booted up 1 node, 2 CPUs
[    0.892699] smpboot: Total of 2 processors activated (7199.99 BogoMIPS)
[    0.898933] devtmpfs: initialized
[    0.904587] evm: security.selinux
[    0.912727] evm: security.SMACK64
[    0.914296] evm: security.SMACK64EXEC
[    0.915494] evm: security.SMACK64TRANSMUTE
[    0.916930] evm: security.SMACK64MMAP
[    0.918129] evm: security.ima
[    0.919244] evm: security.capability
[    0.921522] clocksource: jiffies: mask: 0xffffffff max_cycles: 0xffffffff, max_idle_ns: 7645041785100000 ns
[    0.927240] futex hash table entries: 512 (order: 3, 32768 bytes)
[    0.930848] pinctrl core: initialized pinctrl subsystem
[    0.932544] RTC time: 18:21:44, date: 07/28/20
[    0.934360] NET: Registered protocol family 16
[    0.945965] cpuidle: using governor ladder
[    0.959153] cpuidle: using governor menu
[    0.963676] PCCT header not found.
[    0.964864] ACPI: bus type PCI registered
[    0.966466] acpiphp: ACPI Hot Plug PCI Controller Driver version: 0.5
[    0.969280] PCI: Using configuration type 1 for base access
[    0.984094] ACPI: Added _OSI(Module Device)
[    0.985337] ACPI: Added _OSI(Processor Device)
[    0.987244] ACPI: Added _OSI(3.0 _SCP Extensions)
[    0.988663] ACPI: Added _OSI(Processor Aggregator Device)
[    0.992904] ACPI: Executed 1 blocks of module-level executable AML code
[    1.000973] ACPI: Interpreter enabled
[    1.003013] ACPI: (supports S0 S5)
[    1.004062] ACPI: Using IOAPIC for interrupt routing
[    1.010742] PCI: Using host bridge windows from ACPI; if necessary, use "pci=nocrs" and report a bug
[    1.029234] ACPI: PCI Root Bridge [PCI0] (domain 0000 [bus 00-ff])
[    1.031849] acpi PNP0A03:00: _OSC: OS supports [ASPM ClockPM Segments MSI]
[    1.034893] acpi PNP0A03:00: _OSC: not requesting OS control; OS requires [ExtendedConfig ASPM ClockPM MSI]
[    1.038702] acpi PNP0A03:00: fail to add MMCONFIG information, can't access extended PCI configuration space under this bridge.
[    1.047052] PCI host bridge to bus 0000:00
[    1.048288] pci_bus 0000:00: root bus resource [io  0x0000-0x0cf7 window]
[    1.050829] pci_bus 0000:00: root bus resource [io  0x0d00-0xffff window]
[    1.053554] pci_bus 0000:00: root bus resource [mem 0x000a0000-0x000bffff window]
[    1.056073] pci_bus 0000:00: root bus resource [mem 0x40000000-0xfdffffff window]
[    1.061410] pci_bus 0000:00: root bus resource [bus 00-ff]
[    1.079788] pci 0000:00:01.1: legacy IDE quirk: reg 0x10: [io  0x01f0-0x01f7]
[    1.082305] pci 0000:00:01.1: legacy IDE quirk: reg 0x14: [io  0x03f6]
[    1.086363] pci 0000:00:01.1: legacy IDE quirk: reg 0x18: [io  0x0170-0x0177]
[    1.090498] pci 0000:00:01.1: legacy IDE quirk: reg 0x1c: [io  0x0376]
[    1.150086] pci 0000:00:07.0: quirk: [io  0x4000-0x403f] claimed by PIIX4 ACPI
[    1.163616] pci 0000:00:07.0: quirk: [io  0x4100-0x410f] claimed by PIIX4 SMB
[    1.186471] ACPI: PCI Interrupt Link [LNKA] (IRQs 5 9 10 *11)
[    1.189445] ACPI: PCI Interrupt Link [LNKB] (IRQs 5 9 *10 11)
[    1.194810] ACPI: PCI Interrupt Link [LNKC] (IRQs 5 *9 10 11)
[    1.197998] ACPI: PCI Interrupt Link [LNKD] (IRQs 5 9 10 *11)
[    1.200451] ACPI: Enabled 2 GPEs in block 00 to 07
[    1.203470] vgaarb: setting as boot device: PCI:0000:00:02.0
[    1.205268] vgaarb: device added: PCI:0000:00:02.0,decodes=io+mem,owns=io+mem,locks=none
[    1.209193] vgaarb: loaded
[    1.212296] vgaarb: bridge control possible 0000:00:02.0
[    1.214590] SCSI subsystem initialized
[    1.216165] ACPI: bus type USB registered
[    1.217504] usbcore: registered new interface driver usbfs
[    1.219491] usbcore: registered new interface driver hub
[    1.221060] usbcore: registered new device driver usb
[    1.223811] PCI: Using ACPI for IRQ routing
[    1.230894] NetLabel: Initializing
[    1.232526] NetLabel:  domain hash size = 128
[    1.234168] NetLabel:  protocols = UNLABELED CIPSOv4
[    1.236110] NetLabel:  unlabeled traffic allowed by default
[    1.238377] amd_nb: Cannot enumerate AMD northbridges
[    1.240539] clocksource: Switched to clocksource kvm-clock
[    1.254526] AppArmor: AppArmor Filesystem Enabled
[    1.256507] pnp: PnP ACPI init
[    1.262271] pnp: PnP ACPI: found 3 devices
[    1.279520] clocksource: acpi_pm: mask: 0xffffff max_cycles: 0xffffff, max_idle_ns: 2085701024 ns
[    1.284975] NET: Registered protocol family 2
[    1.286656] TCP established hash table entries: 8192 (order: 4, 65536 bytes)
[    1.288793] TCP bind hash table entries: 8192 (order: 5, 131072 bytes)
[    1.292161] TCP: Hash tables configured (established 8192 bind 8192)
[    1.297117] UDP hash table entries: 512 (order: 2, 16384 bytes)
[    1.299113] UDP-Lite hash table entries: 512 (order: 2, 16384 bytes)
[    1.301783] NET: Registered protocol family 1
[    1.303218] pci 0000:00:00.0: Limiting direct PCI/PCI transfers
[    1.305863] pci 0000:00:01.0: Activating ISA DMA hang workarounds
[    1.309450] Unpacking initramfs...
[    1.722549] Freeing initrd memory: 14880K
[    1.724517] RAPL PMU detected, API unit is 2^-32 Joules, 4 fixed counters 10737418240 ms ovfl timer
[    1.731006] hw unit of domain pp0-core 2^-0 Joules
[    1.732437] hw unit of domain package 2^-0 Joules
[    1.734215] hw unit of domain dram 2^-0 Joules
[    1.735585] hw unit of domain pp1-gpu 2^-0 Joules
[    1.737327] clocksource: tsc: mask: 0xffffffffffffffff max_cycles: 0x19f228ab7a2, max_idle_ns: 440795289252 ns
[    1.740440] platform rtc_cmos: registered platform RTC device (no PNP device found)
[    1.746591] Scanning for low memory corruption every 60 seconds
[    1.751167] audit: initializing netlink subsys (disabled)
[    1.753722] audit: type=2000 audit(1595960511.808:1): initialized
[    1.756622] Initialise system trusted keyring
[    1.762541] HugeTLB registered 2 MB page size, pre-allocated 0 pages
[    1.766756] zbud: loaded
[    1.768141] VFS: Disk quotas dquot_6.6.0
[    1.769940] VFS: Dquot-cache hash table entries: 512 (order 0, 4096 bytes)
[    1.772182] squashfs: version 4.0 (2009/01/31) Phillip Lougher
[    1.776129] fuse init (API version 7.23)
[    1.781947] Key type big_key registered
[    1.783044] Allocating IMA MOK and blacklist keyrings.
[    1.787335] Key type asymmetric registered
[    1.789069] Asymmetric key parser 'x509' registered
[    1.794618] Block layer SCSI generic (bsg) driver version 0.4 loaded (major 249)
[    1.799477] io scheduler noop registered
[    1.801388] io scheduler deadline registered (default)
[    1.803335] io scheduler cfq registered
[    1.804898] pci_hotplug: PCI Hot Plug PCI Core version: 0.5
[    1.808823] pciehp: PCI Express Hot Plug Controller Driver version: 0.4
[    1.815379] ACPI: AC Adapter [AC] (on-line)
[    1.819826] input: Power Button as /devices/LNXSYSTM:00/LNXPWRBN:00/input/input0
[    1.832735] ACPI: Power Button [PWRF]
[    1.835396] input: Sleep Button as /devices/LNXSYSTM:00/LNXSLPBN:00/input/input1
[    1.840813] ACPI: Sleep Button [SLPF]
[    1.847000] GHES: HEST is not enabled!
[    1.849063] ACPI: Battery Slot [BAT0] (battery present)
[    1.851680] Serial: 8250/16550 driver, 32 ports, IRQ sharing enabled
[    1.875463] 00:02: ttyS0 at I/O 0x3f8 (irq = 4, base_baud = 115200) is a 16550A
[    1.888394] Linux agpgart interface v0.103
[    1.898570] loop: module loaded
[    1.901937] scsi host0: ata_piix
[    1.905624] scsi host1: ata_piix
[    1.908194] ata1: PATA max UDMA/33 cmd 0x1f0 ctl 0x3f6 bmdma 0xd000 irq 14
[    1.915977] ata2: PATA max UDMA/33 cmd 0x170 ctl 0x376 bmdma 0xd008 irq 15
[    1.920049] libphy: Fixed MDIO Bus: probed
[    1.921875] tun: Universal TUN/TAP device driver, 1.6
[    1.931071] tun: (C) 1999-2004 Max Krasnyansky <maxk@qualcomm.com>
[    1.935333] PPP generic driver version 2.4.2
[    1.938148] ehci_hcd: USB 2.0 'Enhanced' Host Controller (EHCI) Driver
[    1.941479] ehci-pci: EHCI PCI platform driver
[    1.947874] ehci-platform: EHCI generic platform driver
[    1.949905] ohci_hcd: USB 1.1 'Open' Host Controller (OHCI) Driver
[    1.951938] ohci-pci: OHCI PCI platform driver
[    1.953349] ohci-platform: OHCI generic platform driver
[    1.955381] uhci_hcd: USB Universal Host Controller Interface driver
[    1.957774] i8042: PNP: PS/2 Controller [PNP0303:PS2K,PNP0f03:PS2M] at 0x60,0x64 irq 1,12
[    1.966941] serio: i8042 KBD port at 0x60,0x64 irq 1
[    1.969843] serio: i8042 AUX port at 0x60,0x64 irq 12
[    1.972580] mousedev: PS/2 mouse device common for all mice
[    1.975596] input: AT Translated Set 2 keyboard as /devices/platform/i8042/serio0/input/input2
[    1.981298] rtc_cmos rtc_cmos: rtc core: registered rtc_cmos as rtc0
[    1.984219] rtc_cmos rtc_cmos: alarms up to one day, 114 bytes nvram
[    1.987050] i2c /dev entries driver
[    1.988741] device-mapper: uevent: version 1.0.3
[    1.991153] device-mapper: ioctl: 4.34.0-ioctl (2015-10-28) initialised: dm-devel@redhat.com
[    1.995603] ledtrig-cpu: registered to indicate activity on CPUs
[    1.998964] NET: Registered protocol family 10
[    2.000707] NET: Registered protocol family 17
[    2.002444] Key type dns_resolver registered
[    2.004749] registered taskstats version 1
[    2.006363] Loading compiled-in X.509 certificates
[    2.009831] Loaded X.509 cert 'Build time autogenerated kernel key: cef5e81496c0efa51b848ab539e845ddf31c08be'
[    2.014599] zswap: loaded using pool lzo/zbud
[    2.019620] Key type trusted registered
[    2.031036] Key type encrypted registered
[    2.032618] AppArmor: AppArmor sha1 policy hashing enabled
[    2.034476] ima: No TPM chip found, activating TPM-bypass!
[    2.036329] ima: Allocated hash algorithm: sha1
[    2.038173] evm: HMAC attrs: 0x1
[    2.039976]   Magic number: 12:842:393
[    2.043188] rtc_cmos rtc_cmos: setting system clock to 2020-07-28 18:21:45 UTC (1595960505)
[    2.048967] BIOS EDD facility v0.16 2004-Jun-25, 0 devices found
[    2.050753] EDD information not available.
[    2.181367] Freeing unused kernel memory: 1492K
[    2.183047] Write protecting the kernel read-only data: 14336k
[    2.185300] Freeing unused kernel memory: 1592K
[    2.186992] Freeing unused kernel memory: 56K
Loading, please wait...
starting version 229
[    2.214079] random: systemd-udevd: uninitialized urandom read (16 bytes read, 5 bits of entropy available)
[    2.215250] random: udevadm: uninitialized urandom read (16 bytes read, 5 bits of entropy available)
[    2.215288] random: udevadm: uninitialized urandom read (16 bytes read, 5 bits of entropy available)
[    2.226711] random: systemd-udevd: uninitialized urandom read (16 bytes read, 5 bits of entropy available)
[    2.231170] random: udevadm: uninitialized urandom read (16 bytes read, 5 bits of entropy available)
[    2.231227] random: udevadm: uninitialized urandom read (16 bytes read, 5 bits of entropy available)
[    2.231388] random: udevadm: uninitialized urandom read (16 bytes read, 5 bits of entropy available)
[    2.231504] random: udevadm: uninitialized urandom read (16 bytes read, 5 bits of entropy available)
[    2.231570] random: udevadm: uninitialized urandom read (16 bytes read, 5 bits of entropy available)
[    2.231631] random: udevadm: uninitialized urandom read (16 bytes read, 5 bits of entropy available)
[    2.332575] e1000: Intel(R) PRO/1000 Network Driver - version 7.3.21-k8-NAPI
[    2.334724] e1000: Copyright (c) 1999-2006 Intel Corporation.
[    2.348083] Fusion MPT base driver 3.04.20
[    2.349496] Copyright (c) 1999-2008 LSI Corporation
[    2.369355] Fusion MPT SPI Host driver 3.04.20
[    2.404472] AVX2 version of gcm_enc/dec engaged.
[    2.410670] AES CTR mode by8 optimization enabled
[    2.590830] input: ImExPS/2 Generic Explorer Mouse as /devices/platform/i8042/serio1/input/input4
[    3.167330] e1000 0000:00:03.0 eth0: (PCI:33MHz:32-bit) 02:e5:f9:b1:f5:c2
[    3.169346] e1000 0000:00:03.0 eth0: Intel(R) PRO/1000 Network Connection
[    3.172248] mptbase: ioc0: Initiating bringup
[    4.150796] ioc0: LSI53C1030 A0: Capabilities={Initiator}
[    6.746947] scsi host2: ioc0: LSI53C1030 A0, FwRev=00000000h, Ports=1, MaxQ=256, IRQ=20
[    8.669126] scsi 2:0:0:0: Direct-Access     VBOX     HARDDISK         1.0  PQ: 0 ANSI: 5
[    8.674938] scsi target2:0:0: Beginning Domain Validation
[    8.710954] scsi target2:0:0: Domain Validation skipping write tests
[    8.715617] scsi target2:0:0: Ending Domain Validation
[    8.719571] scsi target2:0:0: asynchronous
[    8.724826] scsi 2:0:1:0: Direct-Access     VBOX     HARDDISK         1.0  PQ: 0 ANSI: 5
[    8.747561] scsi target2:0:1: Beginning Domain Validation
[    8.765081] scsi target2:0:1: Domain Validation skipping write tests
[    8.769506] scsi target2:0:1: Ending Domain Validation
[    8.774149] scsi target2:0:1: asynchronous
[    8.803486] sd 2:0:0:0: Attached scsi generic sg0 type 0
[    8.812650] sd 2:0:0:0: [sda] 20971520 512-byte logical blocks: (10.7 GB/10.0 GiB)
[    8.815949] sd 2:0:1:0: Attached scsi generic sg1 type 0
[    8.818044] sd 2:0:1:0: [sdb] 20480 512-byte logical blocks: (10.5 MB/10.0 MiB)
[    8.825742] sd 2:0:0:0: [sda] Write Protect is off
[    8.829744] sd 2:0:0:0: [sda] Incomplete mode parameter data
[    8.836015] sd 2:0:0:0: [sda] Assuming drive cache: write through
[    8.845966] sd 2:0:1:0: [sdb] Write Protect is off
[    8.852311] sd 2:0:1:0: [sdb] Incomplete mode parameter data
[    8.865772] sd 2:0:1:0: [sdb] Assuming drive cache: write through
[    8.882116]  sda: sda1
[    8.888932] sd 2:0:0:0: [sda] Attached SCSI disk
[    8.893128] sd 2:0:1:0: [sdb] Attached SCSI disk
[    9.586029] e1000 0000:00:08.0 eth1: (PCI:33MHz:32-bit) 08:00:27:0d:b6:8e
[    9.587909] e1000 0000:00:08.0 eth1: Intel(R) PRO/1000 Network Connection
[    9.591450] e1000 0000:00:03.0 enp0s3: renamed from eth0
[    9.613558] e1000 0000:00:08.0 enp0s8: renamed from eth1
Begin: Loading essential drivers ... [   11.110016] md: linear personality registered for level -1
[   11.123406] md: multipath personality registered for level -4
[   11.135933] md: raid0 personality registered for level 0
[   11.164406] md: raid1 personality registered for level 1
[   11.246410] raid6: sse2x1   gen()  3794 MB/s
[   11.316773] raid6: sse2x1   xor()  5434 MB/s
[   11.384940] raid6: sse2x2   gen()  6037 MB/s
[   11.453124] raid6: sse2x2   xor()  6072 MB/s
[   11.521137] raid6: sse2x4   gen() 10249 MB/s
[   11.589112] raid6: sse2x4   xor()  7322 MB/s
[   11.656779] raid6: avx2x1   gen() 13003 MB/s
[   11.724894] raid6: avx2x2   gen() 16190 MB/s
[   11.796613] raid6: avx2x4   gen() 16799 MB/s
[   11.798490] raid6: using algorithm avx2x4 gen() 16799 MB/s
[   11.800655] raid6: using avx2x2 recovery algorithm
[   11.804489] xor: automatically using best checksumming function:
[   11.845354]    avx       : 28000.000 MB/sec
[   11.849741] async_tx: api initialized (async)
[   11.875938] md: raid6 personality registered for level 6
[   11.881718] md: raid5 personality registered for level 5
[   11.885512] md: raid4 personality registered for level 4
[   11.897679] md: raid10 personality registered for level 10
done.
Begin: Running /scripts/init-premount ... done.
Begin: Mounting root file system ... Begin: Running /scripts/local-top ... done.
Begin: Running /scripts/local-premount ... [   11.940258] Btrfs loaded
Scanning for Btrfs filesystems
done.
Warning: fsck not present, so skipping root file system
[   12.011699] EXT4-fs (sda1): mounted filesystem with ordered data mode. Opts: (null)
done.
Begin: Running /scripts/local-bottom ... done.
Begin: Running /scripts/init-bottom ... done.
[   12.300591] systemd[1]: systemd 229 running in system mode. (+PAM +AUDIT +SELINUX +IMA +APPARMOR +SMACK +SYSVINIT +UTMP +LIBCRYPTSETUP +GCRYPT +GNUTLS +ACL +XZ -LZ4 +SECCOMP +BLKID +ELFUTILS +KMOD -IDN)
[   12.310057] systemd[1]: Detected virtualization oracle.
[   12.316054] systemd[1]: Detected architecture x86-64.

Welcome to [1mUbuntu 16.04.6 LTS[0m!

[   12.332118] systemd[1]: Set hostname to <ubuntu>.
[   12.348523] systemd[1]: Initializing machine ID from random generator.
[   12.356258] systemd[1]: Installed transient /etc/machine-id file.
[   12.888715] systemd[1]: Started Forward Password Requests to Wall Directory Watch.
[[0;32m  OK  [0m] Started Forward Password Requests to Wall Directory Watch.
[   12.895301] systemd[1]: Listening on LVM2 poll daemon socket.
[[0;32m  OK  [0m] Listening on LVM2 poll daemon socket.
[   12.898567] systemd[1]: Started Trigger resolvconf update for networkd DNS.
[[0;32m  OK  [0m] Started Trigger resolvconf update for networkd DNS.
[   12.902818] systemd[1]: Listening on Device-mapper event daemon FIFOs.
[[0;32m  OK  [0m] Listening on Device-mapper event daemon FIFOs.
[   12.906602] systemd[1]: Listening on Syslog Socket.
[[0;32m  OK  [0m] Listening on Syslog Socket.
[   12.911997] systemd[1]: Created slice User and Session Slice.
[[0;32m  OK  [0m] Created slice User and Session Slice.
[   12.916210] systemd[1]: Listening on Journal Audit Socket.
[[0;32m  OK  [0m] Listening on Journal Audit Socket.
[   12.925775] systemd[1]: Listening on /dev/initctl Compatibility Named Pipe.
[[0;32m  OK  [0m] Listening on /dev/initctl Compatibility Named Pipe.
[   12.932378] systemd[1]: Listening on udev Kernel Socket.
[[0;32m  OK  [0m] Listening on udev Kernel Socket.
[   12.935611] systemd[1]: Reached target User and Group Name Lookups.
[[0;32m  OK  [0m] Reached target User and Group Name Lookups.
[   12.939749] systemd[1]: Set up automount Arbitrary Executable File Formats File System Automount Point.
[[0;32m  OK  [0m] Set up automount Arbitrary Executab...ats File System Automount Point.
[   12.953704] systemd[1]: Listening on udev Control Socket.
[[0;32m  OK  [0m] Listening on udev Control Socket.
[   12.958072] systemd[1]: Reached target System Time Synchronized.
[[0;32m  OK  [0m] Reached target System Time Synchronized.
[   12.963787] systemd[1]: Created slice System Slice.
[[0;32m  OK  [0m] Created slice System Slice.
[   12.966963] systemd[1]: Created slice system-serial\x2dgetty.slice.
[[0;32m  OK  [0m] Created slice system-serial\x2dgetty.slice.
[   12.970405] systemd[1]: Reached target Slices.
[[0;32m  OK  [0m] Reached target Slices.
[   12.973529] systemd[1]: Reached target Swap.
[[0;32m  OK  [0m] Reached target Swap.
[   12.977352] systemd[1]: Listening on LVM2 metadata daemon socket.
[[0;32m  OK  [0m] Listening on LVM2 metadata daemon socket.
[   12.984182] systemd[1]: Listening on Journal Socket (/dev/log).
[[0;32m  OK  [0m] Listening on Journal Socket (/dev/log).
[   12.993220] systemd[1]: Reached target Encrypted Volumes.
[[0;32m  OK  [0m] Reached target Encrypted Volumes.
[   12.998880] systemd[1]: Listening on Journal Socket.
[[0;32m  OK  [0m] Listening on Journal Socket.
[   13.021279] systemd[1]: Mounting Huge Pages File System...
         Mounting Huge Pages File System...
[   13.026867] systemd[1]: Starting Uncomplicated firewall...
         Starting Uncomplicated firewall...
[   13.031955] systemd[1]: Starting Create list of required static device nodes for the current kernel...
         Starting Create list of required st... nodes for the current kernel...
[   13.040177] systemd[1]: Starting Nameserver information manager...
         Starting Nameserver information manager...
[   13.049404] systemd[1]: Starting Monitoring of LVM2 mirrors, snapshots etc. using dmeventd or progress polling...
         Starting Monitoring of LVM2 mirrors... dmeventd or progress polling...
[   13.056985] systemd[1]: Starting Journal Service...
         Starting Journal Service...
[   13.071392] systemd[1]: Starting Load Kernel Modules...
         Starting Load Kernel Modules...
[   13.088072] systemd[1]: Mounting POSIX Message Queue File System...
         Mounting POSIX Message Queue File System...
[   13.104965] systemd[1]: Starting Remount Root and Kernel File Systems...
         Starting Remount Root and Kernel[   13.113657] Loading iSCSI transport class v2.0-870.
 File Systems...
[   13.127359] iscsi: registered transport (tcp)
[   13.129926] EXT4-fs (sda1): re-mounted. Opts: (null)
[   13.140829] systemd[1]: Mounting Debug File System...
         Mounting Debug File System...
[   13.155695] systemd[1]: Starting Set console keymap...
         [   13.166530] random: nonblocking pool is initialized
Starting Set console keymap...
[   13.179295] systemd[1]: Mounted POSIX Message Queue File System.
[[0;32m  OK  [0m] Mounted POSIX Message Queue File System.
[   13.187324] systemd[1]: Mounted Debug File System.
[[0;32m  OK  [0m] Mounted Debug File System.
[   13.197085] systemd[1]: Mounted Huge Pages File System.
[[0;32m  OK  [0m] Mounted Huge Pages File System.
[   13.217277] systemd[1]: Started Journal Service.
[[0;32m  OK  [0m] Started Journal Service.
[   13.223643] iscsi: registered transport (iser)
[[0;32m  OK  [0m] Started Uncomplicated firewall.
[[0;32m  OK  [0m] Started Create list of required sta...ce nodes for the current kernel.
[[0;32m  OK  [0m] Started Load Kernel Modules.
[[0;32m  OK  [0m] Started Remount Root and Kernel File Systems.
[[0;32m  OK  [0m] Started Set console keymap.
[[0;32m  OK  [0m] Started Nameserver information manager.
[[0;32m  OK  [0m] Started LVM2 metadata daemon.
         Starting udev Coldplug all Devices...
         Starting Load/Save Random Seed...
         Mounting FUSE Control File System...
         Starting Apply Kernel Variables...
         Starting Create Static Device Nodes in /dev...
         Starting Flush Journal to Persistent Storage...
[[0;32m  OK  [0m] Mounted FUSE Control File System.
[[0;32m  OK  [0m] Started Load/Save Random Seed.
[   13.348973] systemd-journald[381]: Received request to flush runtime journal from PID 1
[[0;32m  OK  [0m] Started Flush Journal to Persistent Storage.
[[0;32m  OK  [0m] Started Apply Kernel Variables.
[[0;32m  OK  [0m] Started udev Coldplug all Devices.
[[0;32m  OK  [0m] Started Create Static Device Nodes in /dev.
         Starting udev Kernel Device Manager...
[[0;32m  OK  [0m] Started Monitoring of LVM2 mirrors,...ng dmeventd or progress polling.
[[0;32m  OK  [0m] Reached target Local File Systems (Pre).
[[0;32m  OK  [0m] Reached target Local File Systems.
         Starting Initial cloud-init job (pre-networking)...
         Starting Set console font and keymap...
         Starting Tell Plymouth To Write Out Runtime Data...
         Starting Create Volatile Files and Directories...
         Starting Commit a transient machine-id on disk...
         Starting LSB: AppArmor initialization...
[[0;32m  OK  [0m] Started Tell Plymouth To Write Out Runtime Data.
[[0;32m  OK  [0m] Started Create Volatile Files and Directories.
         Starting Update UTMP about System Boot/Shutdown...
[[0;32m  OK  [0m] Started udev Kernel Device Manager.
[[0;32m  OK  [0m] Started Commit a transient machine-id on disk.
[[0;32m  OK  [0m] Started Dispatch Password Requests to Console Directory Watch.
[[0;32m  OK  [0m] Started Update UTMP about System Boot/Shutdown.
[[0;32m  OK  [0m] Found device /dev/ttyS0.
[[0;32m  OK  [0m] Listening on Load/Save RF Kill Switch Status /dev/rfkill Watch.
[[0;32m  OK  [0m] Started Set console font and keymap.
[[0;32m  OK  [0m] Started LSB: AppArmor initialization.
         Starting Load AppArmor profiles managed internally by snapd...
[[0;32m  OK  [0m] Created slice system-getty.slice.
[[0;32m  OK  [0m] Started Load AppArmor profiles managed internally by snapd.
[   16.065187] cloud-init[469]: Cloud-init v. 20.2-45-g5f7825e2-0ubuntu1~16.04.1 running 'init-local' at Tue, 28 Jul 2020 18:21:59 +0000. Up 15.28 seconds.
[[0;32m  OK  [0m] Started Initial cloud-init job (pre-networking).
[[0;32m  OK  [0m] Reached target Network (Pre).
         Starting Raise network interfaces...
[[0;32m  OK  [0m] Started Raise network interfaces.
[[0;32m  OK  [0m] Reached target Network.
         Starting Initial cloud-init job (metadata service crawler)...
[   18.308701] cloud-init[961]: Cloud-init v. 20.2-45-g5f7825e2-0ubuntu1~16.04.1 running 'init' at Tue, 28 Jul 2020 18:22:01 +0000. Up 17.17 seconds.
[   18.311469] cloud-init[961]: ci-info: ++++++++++++++++++++++++++++++++++++++Net device info+++++++++++++++++++++++++++++++++++++++
[   18.322663] cloud-init[961]: ci-info: +--------+-------+----------------------------+---------------+--------+-------------------+
[   18.332959] cloud-init[961]: ci-info: | Device |   Up  |          Address           |      Mask     | Scope  |     Hw-Address    |
[   18.339819] cloud-init[961]: ci-info: +--------+-------+----------------------------+---------------+--------+-------------------+
[   18.345326] cloud-init[961]: ci-info: | enp0s3 |  True |         10.0.2.15          | 255.255.255.0 | global | 02:e5:f9:b1:f5:c2 |
[   18.348411] cloud-init[961]: ci-info: | enp0s3 |  True | fe80::e5:f9ff:feb1:f5c2/64 |       .       |  link  | 02:e5:f9:b1:f5:c2 |
[   18.356689] cloud-init[961]: ci-info: | enp0s8 | False |             .              |       .       |   .    | 08:00:27:0d:b6:8e |
[   18.360638] cloud-init[961]: ci-info: |   lo   |  True |         127.0.0.1          |   255.0.0.0   |  host  |         .         |
[   18.364035] cloud-init[961]: ci-info: |   lo   |  True |          ::1/128           |       .       |  host  |         .         |
[   18.369203] cloud-init[961]: ci-info: +--------+-------+----------------------------+---------------+--------+-------------------+
[   18.373532] cloud-init[961]: ci-info: +++++++++++++++++++++++++++Route IPv4 info++++++++++++++++++++++++++++
[   18.376592] cloud-init[961]: ci-info: +-------+-------------+----------+---------------+-----------+-------+
[   18.380329] cloud-init[961]: ci-info: | Route | Destination | Gateway  |    Genmask    | Interface | Flags |
[   18.390473] cloud-init[961]: ci-info: +-------+-------------+----------+---------------+-----------+-------+
[   18.398541] cloud-init[961]: ci-info: |   0   |   0.0.0.0   | 10.0.2.2 |    0.0.0.0    |   enp0s3  |   UG  |
[   18.402349] cloud-init[961]: ci-info: |   1   |   10.0.2.0  | 0.0.0.0  | 255.255.255.0 |   enp0s3  |   U   |
[   18.408689] cloud-init[961]: ci-info: +-------+-------------+----------+---------------+-----------+-------+
[   18.411503] cloud-init[961]: ci-info: +++++++++++++++++++Route IPv6 info+++++++++++++++++++
[   18.415037] cloud-init[961]: ci-info: +-------+-------------+---------+-----------+-------+
[   18.418855] cloud-init[961]: ci-info: | Route | Destination | Gateway | Interface | Flags |
[   18.425925] cloud-init[961]: ci-info: +-------+-------------+---------+-----------+-------+
[   18.432887] cloud-init[961]: ci-info: |   0   |  fe80::/64  |    ::   |   enp0s3  |   U   |
[   18.435955] cloud-init[961]: ci-info: |   3   |   ff00::/8  |    ::   |   enp0s3  |   U   |
[   18.440390] cloud-init[961]: ci-info: +-------+-------------+---------+-----------+-------+
[   18.444472] cloud-init[961]: Generating public/private rsa key pair.
[   18.453508] cloud-init[961]: Your identification has been saved in /etc/ssh/ssh_host_rsa_key.
[   18.458125] cloud-init[961]: Your public key has been saved in /etc/ssh/ssh_host_rsa_key.pub.
[   18.461432] cloud-init[961]: The key fingerprint is:
[   18.463630] cloud-init[961]: SHA256:4aVUQhjxo8Zh1BWXM3yT8JkB5PerIeQdgarX8qKoHVY root@ubuntu-xenial
[   18.465560] cloud-init[961]: The key's randomart image is:
[   18.467507] cloud-init[961]: +---[RSA 2048]----+
[   18.470882] cloud-init[961]: |      +*o.++=+.. |
[   18.475080] cloud-init[961]: |     ....o o*.++ |
[   18.484983] cloud-init[961]: |      o = ...==. |
[   18.492908] cloud-init[961]: |     o = =.  ... |
[[0;32m  OK  [0m] Started Initial cloud-init job (metadata service crawler).
[[0;32m  OK  [0m] Reached target Network is Online.
[   18.511033] cloud-init[961]: |      +ES. . .  .|
[   18.528049] cloud-init[961]: |     .. . + . . .|
[   18.530145] cloud-init[961]: |     o . o + o . |
[   18.532277] cloud-init[961]: |    o o ..o . o  |
[   18.536600] cloud-init[961]: |   ..o .. .. .   |
[   18.538909] cloud-init[961]: +----[SHA256]-----+
         Starting iSCSI initiator daemon (iscsid)...
[[0;32m  OK  [0m] Reached target System Initialization.
[[0;32m  OK  [0m] Started Daily Cleanup of Temporary Directories.
[[0;32m  OK  [0m] Listening on ACPID Listen Socket.
[[0;32m  OK  [0m] Listening on UUID daemon activation socket.
[[0;32m  OK  [0m] Listening on D-Bus System Message Bus Socket.
[[0;32m  OK  [0m] Started Message of the Day.
[   18.551477] cloud-init[961]: Generating public/private dsa key pair.
[   18.598856] cloud-init[961]: Your identification has been saved in /etc/ssh/ssh_host_dsa_key.
[   18.600453] cloud-init[961]: Your public key has been saved in /etc/ssh/ssh_host_dsa_key.pub.
         Starting LXD - unix socket.
[   18.600790] cloud-init[961]: The key fingerprint is:
[[   18.608004] [0;32m  OK  [0mcloud-init] [961]: Started ACPI Events Check.SHA256:MALuM2jJwBmi5l0UMgEl6mkaLJaUW+Evr5IUBLepgow root@ubuntu-xenial

[[   18.608468] [0;32m  OK  [0mcloud-init] [961]: Reached target Paths.The key's randomart image is:

[   18.613083] cloud-init[961]: +---[DSA 1024]----+
[   18.613361] cloud-init[961]: |++=*.o.          |
[[0;32m  OK  [0m] Started Daily apt download activities.
[   18.613416] cloud-init[961]: |=+*+=            |
[   18.618454] cloud-init[961]: |=*+o..o          |
         Starting Socket activation for snappy daemon.
[[   18.619690] [0;32m  OK  [0mcloud-init] [961]: Started Daily apt upgrade and clean activities.|%=B o. o         |

[   18.624867] cloud-init[961]: |E#=o .  S        |
[   18.625150] cloud-init[961]: |Bo oo            |
[[0;32m  OK  [0m] Reached target Timers.
[   18.625202] cloud-init[961]: |o .  .           |
[[0;32m  OK  [0m[   18.633086] ] cloud-initReached target Cloud-config availability.[961]: 
| o  .            |
[   18.633437] cloud-init[961]: |  ..             |
[   18.647379] cloud-init[961]: +----[SHA256]-----+
[   18.649385] cloud-init[961]: Generating public/private ecdsa key pair.
[   18.650943] cloud-init[961]: Your identification has been saved in /etc/ssh/ssh_host_ecdsa_key.
[   18.655816] cloud-init[961]: Your public key has been saved in /etc/ssh/ssh_host_ecdsa_key.pub.
[   18.658111] cloud-init[961]: The key fingerprint is:
[   18.659340] cloud-init[961]: SHA256:BRQcQczOOL1wLy+Sg4h97bJ2wcMYAJIKY+mIsxVXHLo root@ubuntu-xenial
[   18.668922] cloud-init[961]: The key's randomart image is:
[[0;32m  OK  [0m] Listening on LXD - unix socket.
[   18.669916] cloud-init[961]: +---[ECDSA 256]---+
[[   18.676631] cloud-init[961]: |oo.  ooBB+       |
[   18.676990] cloud-init[961]: |=oo ... +.       |
[0;32m  OK  [0m] Listening on Socket activation for snappy daemon.
[   18.677580] cloud-init[961]: |B. +.  =  .      |
[[   18.691399] cloud-init[961]: |=.. ..+ =.       |
[   18.692211] cloud-init[961]: | +  E= +So       |
[0;32m  OK  [0m] Started iSCSI initiator daemon (iscsid).
[   18.693875] cloud-init[961]: |.   . = o .      |
[   18.697726] cloud-init[961]: | o . o + o       |
[   18.699764] cloud-init[961]: |. o = * . .      |
[   18.708847] cloud-init[961]: |   o.=.o .       |
[   18.721572] cloud-init[961]: +----[SHA256]-----+
         Starting Login to default iSCSI targets...
[   18.721917] cloud-init[961]: Generating public/private ed25519 key pair.
[   18.728970] cloud-init[961]: Your identification has been saved in /etc/ssh/ssh_host_ed25519_key.
[[0;32m  OK  [0m] Reached target Sockets.
[   18.729447] cloud-init[961]: Your public key has been saved in /etc/ssh/ssh_host_ed25519_key.pub.
[   18.732991] cloud-init[961]: The key fingerprint is:
[[0;32m  OK  [0m] Reached target Basic System.
[   18.734192] cloud-init[961]: SHA256:drMV6THMyqx3gODtPWXCx8lkkluu0ssSqw6UwknT9eU root@ubuntu-xenial
[   18.746132] cloud-init[961]: The key's randomart image is:
[   18.753109] cloud-init[961]: +--[ED25519 256]--+
[   18.757007] cloud-init[961]: |      .   .      |
[[0;32m  OK  [0m] Started ACPI event daemon.
[   18.757776] cloud-init[961]: |   . . . o + .   |
         Starting Virtualbox guest utils...
[   18.772036] cloud-init[961]: |  o . . . E @    |
[[0;32m  OK  [0m] Started Deferred execution scheduler.
[   18.784654] cloud-init[961]: | o o o o = % =   |
[   18.790070]          Starting Accounts Service...
cloud-init[961]: |  + o . S @ @    |
[   18.793794] cloud-init[961]: |   o   o.= @     |
         [   18.794113] Starting LXD - container startup/shutdown...cloud-init
[961]: |    .   +oB .    |
[   18.801401] cloud-init[961]: |     .  o+ +     |
[[0;32m  OK  [0m] Started D-Bus System Message Bus.
[   18.812132] cloud-init[961]: |     .o. .o      |
[   18.824338] cloud-init[961]: +----[SHA256]-----+
         Starting Login Service...
         Starting System Logging Service...
         Starting LSB: MD monitoring daemon...
[[0;32m  OK  [0m] Started Regular background program processing daemon.
[[0;32m  OK  [0m] Started FUSE filesystem for LXC.
         Starting Snap Daemon...
         Starting /etc/rc.local Compatibility...
         Starting Pollinate to seed the pseudo random number generator...
         Starting LSB: Record successful boot for GRUB...
[[0;32m  OK  [0m] Started /etc/rc.local Compatibility.
[[0;32m  OK  [0m] Started Login Service.
[[0;32m  OK  [0m] Started Unattended Upgrades Shutdown.
         Starting Authenticate and Authorize Users to Run Privileged Tasks...
[[0;32m  OK  [0m] Started System Logging Service.
[[0;32m  OK  [0m] Started Login to default iSCSI targets.
[[0;32m  OK  [0m] Started LSB: MD monitoring daemon.
[[0;32m  OK  [0m] Reached target Remote File Systems (Pre).
[[0;32m  OK  [0m] Reached target Remote File Systems.
         Starting LSB: Set the CPU Frequency Scaling governor to "ondemand"...
         Starting LSB: daemon to balance interrupts for SMP systems...
         Starting Permit User Sessions...
         Starting LSB: automatic crash report generation...
[[0;32m  OK  [0m] Started LSB: Record successful boot for GRUB.
[[0;32m  OK  [0m] Started LXD - container startup/shutdown.
[[0;32m  OK  [0m] Started Authenticate and Authorize Users to Run Privileged Tasks.
[[0;32m  OK  [0m] Started Accounts Service.
[[0;32m  OK  [0m] Started Permit User Sessions.
         Starting Terminate Plymouth Boot Screen...
         Starting Hold until boot process finishes up...
[[0;32m  OK  [0m] Started Hold until boot process finishes up.
[[0;32m  OK  [0m] Started Terminate Plymouth Boot Screen.
         Starting Set console scheme...
[[0;32m  OK  [0m] Started Getty on tty1.
[[0;32m  OK  [0m] Started Serial Getty on ttyS0.
[[0;32m  OK  [0m] Reached target Login Prompts.
[[0;32m  OK  [0m] Started Set console scheme.
[[0;32m  OK  [0m] Started LSB: Set the CPU Frequency Scaling governor to "ondemand".
[[0;32m  OK  [0m] Started LSB: automatic crash report generation.
[[0;32m  OK  [0m] Started LSB: daemon to balance interrupts for SMP systems.
[[0;32m  OK  [0m] Started Virtualbox guest utils.
[[0;32m  OK  [0m] Started Pollinate to seed the pseudo random number generator.
[[0;32m  OK  [0m] Started Snap Daemon.
         Starting Wait until snapd is fully seeded...
         Starting OpenBSD Secure Shell server...
[[0;32m  OK  [0m] Started OpenBSD Secure Shell server.
[[0;32m  OK  [0m] Started Wait until snapd is fully seeded.
         Starting Apply the settings specified in cloud-config...
[[0;32m  OK  [0m] Reached target Multi-User System.
[[0;32m  OK  [0m] Reached target Graphical Interface.
         Starting Update UTMP about System Runlevel Changes...
[[0;32m  OK  [0m] Started Update UTMP about System Runlevel Changes.
[   21.774995] cloud-init[1321]: Generating locales (this might take a while)...
[   22.958050] cloud-init[1321]:   en_US.UTF-8... done
[   22.960657] cloud-init[1321]: Generation complete.
[   23.645395] cloud-init[1321]: Cloud-init v. 20.2-45-g5f7825e2-0ubuntu1~16.04.1 running 'modules:config' at Tue, 28 Jul 2020 18:22:05 +0000. Up 21.60 seconds.
[[0;32m  OK  [0m] Started Apply the settings specified in cloud-config.
         Starting Execute cloud user/final scripts...
ci-info: no authorized SSH keys fingerprints found for user ubuntu.
<14>Jul 28 18:22:08 ec2: 
<14>Jul 28 18:22:08 ec2: #############################################################
<14>Jul 28 18:22:08 ec2: -----BEGIN SSH HOST KEY FINGERPRINTS-----
<14>Jul 28 18:22:08 ec2: 1024 SHA256:MALuM2jJwBmi5l0UMgEl6mkaLJaUW+Evr5IUBLepgow root@ubuntu-xenial (DSA)
<14>Jul 28 18:22:08 ec2: 256 SHA256:BRQcQczOOL1wLy+Sg4h97bJ2wcMYAJIKY+mIsxVXHLo root@ubuntu-xenial (ECDSA)
<14>Jul 28 18:22:08 ec2: 256 SHA256:drMV6THMyqx3gODtPWXCx8lkkluu0ssSqw6UwknT9eU root@ubuntu-xenial (ED25519)
<14>Jul 28 18:22:08 ec2: 2048 SHA256:4aVUQhjxo8Zh1BWXM3yT8JkB5PerIeQdgarX8qKoHVY root@ubuntu-xenial (RSA)
<14>Jul 28 18:22:08 ec2: -----END SSH HOST KEY FINGERPRINTS-----
<14>Jul 28 18:22:08 ec2: #############################################################
-----BEGIN SSH HOST KEY KEYS-----
ecdsa-sha2-nistp256 AAAAE2VjZHNhLXNoYTItbmlzdHAyNTYAAAAIbmlzdHAyNTYAAABBBCKU2U69SfRFMWEMll/08HeIC/MB06n+S9kjkFbCVUAkpamQO7SrfuYh2y/dn+pygeMEc2+Rt65wBTV7AfX4ywo= root@ubuntu-xenial
ssh-ed25519 AAAAC3NzaC1lZDI1NTE5AAAAIG5k+gkfCJq7BS7pz2b6Wx4Avvx3TNl3+ciBTJv4UEft root@ubuntu-xenial
ssh-rsa AAAAB3NzaC1yc2EAAAADAQABAAABAQDMr4dfcEBPmZ+U6PoZMWlN4qIhukcgYxSSMnp+B2FozbuQY53vtbNS6IbMRJs6MiiPw58FbMCzm+I3B7T/K9PgySyX8wwmlWTf2bHdrzV+/3qL9UIS0+MCpu7dZAsMzzQzEfX7UaxhDBJloqtxaFpgxpYpeUr2058C3zY0fanFhhAiB6At9Mid5GC+PNqBVrmFsI3Jc5giqC/PY7uu7pq0ONv9gQTLoGDpklB4QZE6+CYGRniTSCHI4kCC9HaW8h00YDSUyr5EsbPT9UpSPVNXf/h0RY+nuvOq34fqraTSXx/NH98PrEQz2gwJvvc8VVFfDfV5YLgTNQDFFc2yqEs1 root@ubuntu-xenial
-----END SSH HOST KEY KEYS-----
[   24.456192] cloud-init[1365]: Cloud-init v. 20.2-45-g5f7825e2-0ubuntu1~16.04.1 running 'modules:final' at Tue, 28 Jul 2020 18:22:08 +0000. Up 24.16 seconds.
[   24.485706] cloud-initci-info: no authorized SSH keys fingerprints found for user ubuntu.
[   24.537899] cloud-init[1365]: Cloud-init v. 20.2-45-g5f7825e2-0ubuntu1~16.04.1 finished at Tue, 28 Jul 2020 18:22:08 +0000. Datasource DataSourceNoCloud [seed=/dev/sdb][dsmode=net].  Up 24.43 seconds

Ubuntu 16.04.6 LTS ubuntu-xenial ttyS0

ubuntu-xenial login: 