[    0.000000] Initializing cgroup subsys cpuset
[    0.000000] Initializing cgroup subsys cpu
[    0.000000] Initializing cgroup subsys cpuacct
[    0.000000] Linux version 4.4.0-186-generic (buildd@lcy01-amd64-002) (gcc version 5.4.0 20160609 (Ubuntu 5.4.0-6ubuntu1~16.04.12) ) #216-Ubuntu SMP Wed Jul 1 05:34:05 UTC 2020 (Ubuntu 4.4.0-186.216-generic 4.4.228)
[    0.000000] Command line: BOOT_IMAGE=/boot/vmlinuz-4.4.0-186-generic root=LABEL=cloudimg-rootfs ro console=tty1 console=ttyS0
[    0.000000] KERNEL supported cpus:
[    0.000000]   Intel GenuineIntel
[    0.000000]   AMD AuthenticAMD
[    0.000000]   Centaur CentaurHauls
[    0.000000] x86/fpu: xstate_offset[2]:  576, xstate_sizes[2]:  256
[    0.000000] x86/fpu: Supporting XSAVE feature 0x01: 'x87 floating point registers'
[    0.000000] x86/fpu: Supporting XSAVE feature 0x02: 'SSE registers'
[    0.000000] x86/fpu: Supporting XSAVE feature 0x04: 'AVX registers'
[    0.000000] x86/fpu: Enabled xstate features 0x7, context size is 832 bytes, using 'standard' format.
[    0.000000] e820: BIOS-provided physical RAM map:
[    0.000000] BIOS-e820: [mem 0x0000000000000000-0x000000000009fbff] usable
[    0.000000] BIOS-e820: [mem 0x000000000009fc00-0x000000000009ffff] reserved
[    0.000000] BIOS-e820: [mem 0x00000000000f0000-0x00000000000fffff] reserved
[    0.000000] BIOS-e820: [mem 0x0000000000100000-0x000000003ffeffff] usable
[    0.000000] BIOS-e820: [mem 0x000000003fff0000-0x000000003fffffff] ACPI data
[    0.000000] BIOS-e820: [mem 0x00000000fec00000-0x00000000fec00fff] reserved
[    0.000000] BIOS-e820: [mem 0x00000000fee00000-0x00000000fee00fff] reserved
[    0.000000] BIOS-e820: [mem 0x00000000fffc0000-0x00000000ffffffff] reserved
[    0.000000] NX (Execute Disable) protection: active
[    0.000000] SMBIOS 2.5 present.
[    0.000000] Hypervisor detected: KVM
[    0.000000] e820: last_pfn = 0x3fff0 max_arch_pfn = 0x400000000
[    0.000000] MTRR: Disabled
[    0.000000] x86/PAT: MTRRs disabled, skipping PAT initialization too.
[    0.000000] CPU MTRRs all blank - virtualized system.
[    0.000000] x86/PAT: Configuration [0-7]: WB  WT  UC- UC  WB  WT  UC- UC  
[    0.000000] found SMP MP-table at [mem 0x0009fff0-0x0009ffff] mapped at [ffff88000009fff0]
[    0.000000] Scanning 1 areas for low memory corruption
[    0.000000] RAMDISK: [mem 0x362e0000-0x37167fff]
[    0.000000] ACPI: Early table checksum verification disabled
[    0.000000] ACPI: RSDP 0x00000000000E0000 000024 (v02 VBOX  )
[    0.000000] ACPI: XSDT 0x000000003FFF0030 00003C (v01 VBOX   VBOXXSDT 00000001 ASL  00000061)
[    0.000000] ACPI: FACP 0x000000003FFF00F0 0000F4 (v04 VBOX   VBOXFACP 00000001 ASL  00000061)
[    0.000000] ACPI: DSDT 0x000000003FFF0470 002325 (v02 VBOX   VBOXBIOS 00000002 INTL 20100528)
[    0.000000] ACPI: FACS 0x000000003FFF0200 000040
[    0.000000] ACPI: FACS 0x000000003FFF0200 000040
[    0.000000] ACPI: APIC 0x000000003FFF0240 00005C (v02 VBOX   VBOXAPIC 00000001 ASL  00000061)
[    0.000000] ACPI: SSDT 0x000000003FFF02A0 0001CC (v01 VBOX   VBOXCPUT 00000002 INTL 20100528)
[    0.000000] No NUMA configuration found
[    0.000000] Faking a node at [mem 0x0000000000000000-0x000000003ffeffff]
[    0.000000] NODE_DATA(0) allocated [mem 0x3ffeb000-0x3ffeffff]
[    0.000000] kvm-clock: Using msrs 4b564d01 and 4b564d00
[    0.000000] kvm-clock: cpu 0, msr 0:3ffe3001, primary cpu clock
[    0.000000] kvm-clock: using sched offset of 6016687258 cycles
[    0.000000] clocksource: kvm-clock: mask: 0xffffffffffffffff max_cycles: 0x1cd42e4dffb, max_idle_ns: 881590591483 ns
[    0.000000] Zone ranges:
[    0.000000]   DMA      [mem 0x0000000000001000-0x0000000000ffffff]
[    0.000000]   DMA32    [mem 0x0000000001000000-0x000000003ffeffff]
[    0.000000]   Normal   empty
[    0.000000]   Device   empty
[    0.000000] Movable zone start for each node
[    0.000000] Early memory node ranges
[    0.000000]   node   0: [mem 0x0000000000001000-0x000000000009efff]
[    0.000000]   node   0: [mem 0x0000000000100000-0x000000003ffeffff]
[    0.000000] Initmem setup node 0 [mem 0x0000000000001000-0x000000003ffeffff]
[    0.000000] ACPI: PM-Timer IO Port: 0x4008
[    0.000000] IOAPIC[0]: apic_id 2, version 32, address 0xfec00000, GSI 0-23
[    0.000000] ACPI: INT_SRC_OVR (bus 0 bus_irq 0 global_irq 2 dfl dfl)
[    0.000000] ACPI: INT_SRC_OVR (bus 0 bus_irq 9 global_irq 9 low level)
[    0.000000] Using ACPI (MADT) for SMP configuration information
[    0.000000] smpboot: Allowing 2 CPUs, 0 hotplug CPUs
[    0.000000] PM: Registered nosave memory: [mem 0x00000000-0x00000fff]
[    0.000000] PM: Registered nosave memory: [mem 0x0009f000-0x0009ffff]
[    0.000000] PM: Registered nosave memory: [mem 0x000a0000-0x000effff]
[    0.000000] PM: Registered nosave memory: [mem 0x000f0000-0x000fffff]
[    0.000000] e820: [mem 0x40000000-0xfebfffff] available for PCI devices
[    0.000000] Booting paravirtualized kernel on KVM
[    0.000000] clocksource: refined-jiffies: mask: 0xffffffff max_cycles: 0xffffffff, max_idle_ns: 7645519600211568 ns
[    0.000000] setup_percpu: NR_CPUS:512 nr_cpumask_bits:512 nr_cpu_ids:2 nr_node_ids:1
[    0.000000] PERCPU: Embedded 33 pages/cpu @ffff88003fc00000 s95512 r8192 d31464 u1048576
[    0.000000] Built 1 zonelists in Node order, mobility grouping on.  Total pages: 257912
[    0.000000] Policy zone: DMA32
[    0.000000] Kernel command line: BOOT_IMAGE=/boot/vmlinuz-4.4.0-186-generic root=LABEL=cloudimg-rootfs ro console=tty1 console=ttyS0
[    0.000000] PID hash table entries: 4096 (order: 3, 32768 bytes)
[    0.000000] Memory: 997664K/1048120K available (8636K kernel code, 1337K rwdata, 4040K rodata, 1492K init, 1296K bss, 50456K reserved, 0K cma-reserved)
[    0.000000] SLUB: HWalign=64, Order=0-3, MinObjects=0, CPUs=2, Nodes=1
[    0.000000] Kernel/User page tables isolation: enabled
[    0.000000] Hierarchical RCU implementation.
[    0.000000] 	Build-time adjustment of leaf fanout to 64.
[    0.000000] 	RCU restricting CPUs from NR_CPUS=512 to nr_cpu_ids=2.
[    0.000000] RCU: Adjusting geometry for rcu_fanout_leaf=64, nr_cpu_ids=2
[    0.000000] NR_IRQS:33024 nr_irqs:440 16
[    0.000000] Console: colour VGA+ 80x25
[    0.000000] console [tty1] enabled
[    0.000000] console [ttyS0] enabled
[    0.000000] tsc: Detected 1799.999 MHz processor
[    0.292155] Calibrating delay loop (skipped) preset value.. 3599.99 BogoMIPS (lpj=7199996)
[    0.294705] pid_max: default: 32768 minimum: 301
[    0.296687] ACPI: Core revision 20150930
[    0.299947] ACPI: 2 ACPI AML tables successfully acquired and loaded
[    0.303357] Security Framework initialized
[    0.304920] Yama: becoming mindful.
[    0.306469] AppArmor: AppArmor initialized
[    0.308259] Dentry cache hash table entries: 131072 (order: 8, 1048576 bytes)
[    0.312688] Inode-cache hash table entries: 65536 (order: 7, 524288 bytes)
[    0.314958] Mount-cache hash table entries: 2048 (order: 2, 16384 bytes)
[    0.317337] Mountpoint-cache hash table entries: 2048 (order: 2, 16384 bytes)
[    0.320080] Initializing cgroup subsys io
[    0.321374] Initializing cgroup subsys memory
[    0.323034] Initializing cgroup subsys devices
[    0.324499] Initializing cgroup subsys freezer
[    0.325777] Initializing cgroup subsys net_cls
[    0.327465] Initializing cgroup subsys perf_event
[    0.328986] Initializing cgroup subsys net_prio
[    0.330305] Initializing cgroup subsys hugetlb
[    0.331839] Initializing cgroup subsys pids
[    0.342055] mce: CPU supports 0 MCE banks
[    0.345287] Last level iTLB entries: 4KB 64, 2MB 8, 4MB 8
[    0.347982] Last level dTLB entries: 4KB 64, 2MB 0, 4MB 0, 1GB 4
[    0.350806] Spectre V1 : Mitigation: usercopy/swapgs barriers and __user pointer sanitization
[    0.354890] Spectre V2 : Mitigation: Full generic retpoline
[    0.356407] Spectre V2 : Spectre v2 / SpectreRSB mitigation: Filling RSB on context switch
[    0.368693] Speculative Store Bypass: Vulnerable
[    0.373037] SRBDS: Unknown: Dependent on hypervisor status
[    0.378723] MDS: Mitigation: Clear CPU buffers
[    0.386332] Freeing SMP alternatives memory: 36K
[    0.395822] ftrace: allocating 32334 entries in 127 pages
[    0.540733] smpboot: APIC(0) Converting physical 0 to logical package 0
[    0.546582] smpboot: Max logical packages: 1
[    0.550496] x2apic enabled
[    0.553367] Switched APIC routing to physical x2apic.
[    0.557711] ..TIMER: vector=0x30 apic1=0 pin1=2 apic2=-1 pin2=-1
[    0.667666] smpboot: CPU0: Intel(R) Core(TM) i5-5350U CPU @ 1.80GHz (family: 0x6, model: 0x3d, stepping: 0x4)
[    0.673351] Performance Events: unsupported p6 CPU model 61 no PMU driver, software events only.
[    0.693103] KVM setup paravirtual spinlock
[    0.695852] x86: Booting SMP configuration:
[    0.697721] .... node  #0, CPUs:      #1
[    0.699062] kvm-clock: cpu 1, msr 0:3ffe3041, secondary cpu clock
[    0.708906] mce: CPU supports 0 MCE banks
[    0.712679] x86: Booted up 1 node, 2 CPUs
[    0.714789] smpboot: Total of 2 processors activated (7199.99 BogoMIPS)
[    0.717649] devtmpfs: initialized
[    0.720503] evm: security.selinux
[    0.721850] evm: security.SMACK64
[    0.724018] evm: security.SMACK64EXEC
[    0.725279] evm: security.SMACK64TRANSMUTE
[    0.728829] evm: security.SMACK64MMAP
[    0.731411] evm: security.ima
[    0.734291] evm: security.capability
[    0.737057] clocksource: jiffies: mask: 0xffffffff max_cycles: 0xffffffff, max_idle_ns: 7645041785100000 ns
[    0.742947] futex hash table entries: 512 (order: 3, 32768 bytes)
[    0.746928] pinctrl core: initialized pinctrl subsystem
[    0.748891] RTC time: 19:54:42, date: 07/28/20
[    0.752276] NET: Registered protocol family 16
[    0.763983] cpuidle: using governor ladder
[    0.776948] cpuidle: using governor menu
[    0.779416] PCCT header not found.
[    0.781073] ACPI: bus type PCI registered
[    0.782657] acpiphp: ACPI Hot Plug PCI Controller Driver version: 0.5
[    0.785682] PCI: Using configuration type 1 for base access
[    0.801150] ACPI: Added _OSI(Module Device)
[    0.803738] ACPI: Added _OSI(Processor Device)
[    0.805486] ACPI: Added _OSI(3.0 _SCP Extensions)
[    0.806958] ACPI: Added _OSI(Processor Aggregator Device)
[    0.810983] ACPI: Executed 1 blocks of module-level executable AML code
[    0.817239] ACPI: Interpreter enabled
[    0.818633] ACPI: (supports S0 S5)
[    0.820573] ACPI: Using IOAPIC for interrupt routing
[    0.822326] PCI: Using host bridge windows from ACPI; if necessary, use "pci=nocrs" and report a bug
[    0.831378] ACPI: PCI Root Bridge [PCI0] (domain 0000 [bus 00-ff])
[    0.834203] acpi PNP0A03:00: _OSC: OS supports [ASPM ClockPM Segments MSI]
[    0.838712] acpi PNP0A03:00: _OSC: not requesting OS control; OS requires [ExtendedConfig ASPM ClockPM MSI]
[    0.841913] acpi PNP0A03:00: fail to add MMCONFIG information, can't access extended PCI configuration space under this bridge.
[    0.846810] PCI host bridge to bus 0000:00
[    0.848107] pci_bus 0000:00: root bus resource [io  0x0000-0x0cf7 window]
[    0.852268] pci_bus 0000:00: root bus resource [io  0x0d00-0xffff window]
[    0.854839] pci_bus 0000:00: root bus resource [mem 0x000a0000-0x000bffff window]
[    0.861304] pci_bus 0000:00: root bus resource [mem 0x40000000-0xfdffffff window]
[    0.863607] pci_bus 0000:00: root bus resource [bus 00-ff]
[    0.869501] pci 0000:00:01.1: legacy IDE quirk: reg 0x10: [io  0x01f0-0x01f7]
[    0.879957] pci 0000:00:01.1: legacy IDE quirk: reg 0x14: [io  0x03f6]
[    0.882836] pci 0000:00:01.1: legacy IDE quirk: reg 0x18: [io  0x0170-0x0177]
[    0.908767] pci 0000:00:01.1: legacy IDE quirk: reg 0x1c: [io  0x0376]
[    0.937850] pci 0000:00:07.0: quirk: [io  0x4000-0x403f] claimed by PIIX4 ACPI
[    0.941553] pci 0000:00:07.0: quirk: [io  0x4100-0x410f] claimed by PIIX4 SMB
[    0.960852] ACPI: PCI Interrupt Link [LNKA] (IRQs 5 9 10 *11)
[    0.964703] ACPI: PCI Interrupt Link [LNKB] (IRQs 5 9 *10 11)
[    0.968323] ACPI: PCI Interrupt Link [LNKC] (IRQs 5 *9 10 11)
[    0.971185] ACPI: PCI Interrupt Link [LNKD] (IRQs 5 9 10 *11)
[    0.973991] ACPI: Enabled 2 GPEs in block 00 to 07
[    0.976750] vgaarb: setting as boot device: PCI:0000:00:02.0
[    0.979427] vgaarb: device added: PCI:0000:00:02.0,decodes=io+mem,owns=io+mem,locks=none
[    0.982422] vgaarb: loaded
[    0.983430] vgaarb: bridge control possible 0000:00:02.0
[    0.986800] SCSI subsystem initialized
[    0.988661] ACPI: bus type USB registered
[    0.990172] usbcore: registered new interface driver usbfs
[    0.992017] usbcore: registered new interface driver hub
[    0.993907] usbcore: registered new device driver usb
[    0.996583] PCI: Using ACPI for IRQ routing
[    1.000562] NetLabel: Initializing
[    1.002638] NetLabel:  domain hash size = 128
[    1.004335] NetLabel:  protocols = UNLABELED CIPSOv4
[    1.010184] NetLabel:  unlabeled traffic allowed by default
[    1.016414] amd_nb: Cannot enumerate AMD northbridges
[    1.019863] clocksource: Switched to clocksource kvm-clock
[    1.037234] AppArmor: AppArmor Filesystem Enabled
[    1.045375] pnp: PnP ACPI init
[    1.047823] pnp: PnP ACPI: found 3 devices
[    1.062465] clocksource: acpi_pm: mask: 0xffffff max_cycles: 0xffffff, max_idle_ns: 2085701024 ns
[    1.065825] NET: Registered protocol family 2
[    1.067381] TCP established hash table entries: 8192 (order: 4, 65536 bytes)
[    1.070616] TCP bind hash table entries: 8192 (order: 5, 131072 bytes)
[    1.072703] TCP: Hash tables configured (established 8192 bind 8192)
[    1.075262] UDP hash table entries: 512 (order: 2, 16384 bytes)
[    1.077402] UDP-Lite hash table entries: 512 (order: 2, 16384 bytes)
[    1.079458] NET: Registered protocol family 1
[    1.081047] pci 0000:00:00.0: Limiting direct PCI/PCI transfers
[    1.082811] pci 0000:00:01.0: Activating ISA DMA hang workarounds
[    1.085002] Unpacking initramfs...
[    1.374402] Freeing initrd memory: 14880K
[    1.375706] RAPL PMU detected, API unit is 2^-32 Joules, 4 fixed counters 10737418240 ms ovfl timer
[    1.378963] hw unit of domain pp0-core 2^-0 Joules
[    1.380594] hw unit of domain package 2^-0 Joules
[    1.382418] hw unit of domain dram 2^-0 Joules
[    1.383727] hw unit of domain pp1-gpu 2^-0 Joules
[    1.386263] clocksource: tsc: mask: 0xffffffffffffffff max_cycles: 0x19f228ab7a2, max_idle_ns: 440795289252 ns
[    1.390656] platform rtc_cmos: registered platform RTC device (no PNP device found)
[    1.393529] Scanning for low memory corruption every 60 seconds
[    1.396144] audit: initializing netlink subsys (disabled)
[    1.397792] audit: type=2000 audit(1595966090.346:1): initialized
[    1.400178] Initialise system trusted keyring
[    1.402415] HugeTLB registered 2 MB page size, pre-allocated 0 pages
[    1.408109] zbud: loaded
[    1.409997] VFS: Disk quotas dquot_6.6.0
[    1.412786] VFS: Dquot-cache hash table entries: 512 (order 0, 4096 bytes)
[    1.419177] squashfs: version 4.0 (2009/01/31) Phillip Lougher
[    1.422079] fuse init (API version 7.23)
[    1.425807] Key type big_key registered
[    1.427740] Allocating IMA MOK and blacklist keyrings.
[    1.432244] Key type asymmetric registered
[    1.435600] Asymmetric key parser 'x509' registered
[    1.437863] Block layer SCSI generic (bsg) driver version 0.4 loaded (major 249)
[    1.448425] io scheduler noop registered
[    1.450421] io scheduler deadline registered (default)
[    1.453268] io scheduler cfq registered
[    1.456060] pci_hotplug: PCI Hot Plug PCI Core version: 0.5
[    1.457818] pciehp: PCI Express Hot Plug Controller Driver version: 0.4
[    1.460611] ACPI: AC Adapter [AC] (off-line)
[    1.461987] input: Power Button as /devices/LNXSYSTM:00/LNXPWRBN:00/input/input0
[    1.464724] ACPI: Power Button [PWRF]
[    1.466112] input: Sleep Button as /devices/LNXSYSTM:00/LNXSLPBN:00/input/input1
[    1.468902] ACPI: Sleep Button [SLPF]
[    1.472130] GHES: HEST is not enabled!
[    1.473251] ACPI: Battery Slot [BAT0] (battery present)
[    1.477665] Serial: 8250/16550 driver, 32 ports, IRQ sharing enabled
[    1.500653] 00:02: ttyS0 at I/O 0x3f8 (irq = 4, base_baud = 115200) is a 16550A
[    1.509543] Linux agpgart interface v0.103
[    1.514242] loop: module loaded
[    1.516566] scsi host0: ata_piix
[    1.518849] scsi host1: ata_piix
[    1.520285] ata1: PATA max UDMA/33 cmd 0x1f0 ctl 0x3f6 bmdma 0xd000 irq 14
[    1.522292] ata2: PATA max UDMA/33 cmd 0x170 ctl 0x376 bmdma 0xd008 irq 15
[    1.524848] libphy: Fixed MDIO Bus: probed
[    1.526179] tun: Universal TUN/TAP device driver, 1.6
[    1.528108] tun: (C) 1999-2004 Max Krasnyansky <maxk@qualcomm.com>
[    1.530278] PPP generic driver version 2.4.2
[    1.531895] ehci_hcd: USB 2.0 'Enhanced' Host Controller (EHCI) Driver
[    1.534008] ehci-pci: EHCI PCI platform driver
[    1.535869] ehci-platform: EHCI generic platform driver
[    1.537587] ohci_hcd: USB 1.1 'Open' Host Controller (OHCI) Driver
[    1.540053] ohci-pci: OHCI PCI platform driver
[    1.542303] ohci-platform: OHCI generic platform driver
[    1.545423] uhci_hcd: USB Universal Host Controller Interface driver
[    1.549236] i8042: PNP: PS/2 Controller [PNP0303:PS2K,PNP0f03:PS2M] at 0x60,0x64 irq 1,12
[    1.553486] serio: i8042 KBD port at 0x60,0x64 irq 1
[    1.556136] serio: i8042 AUX port at 0x60,0x64 irq 12
[    1.558225] mousedev: PS/2 mouse device common for all mice
[    1.560663] input: AT Translated Set 2 keyboard as /devices/platform/i8042/serio0/input/input2
[    1.566496] rtc_cmos rtc_cmos: rtc core: registered rtc_cmos as rtc0
[    1.568971] rtc_cmos rtc_cmos: alarms up to one day, 114 bytes nvram
[    1.572743] i2c /dev entries driver
[    1.577158] device-mapper: uevent: version 1.0.3
[    1.579626] device-mapper: ioctl: 4.34.0-ioctl (2015-10-28) initialised: dm-devel@redhat.com
[    1.583782] ledtrig-cpu: registered to indicate activity on CPUs
[    1.586870] NET: Registered protocol family 10
[    1.589728] NET: Registered protocol family 17
[    1.591131] Key type dns_resolver registered
[    1.594495] registered taskstats version 1
[    1.596179] Loading compiled-in X.509 certificates
[    1.599900] Loaded X.509 cert 'Build time autogenerated kernel key: cef5e81496c0efa51b848ab539e845ddf31c08be'
[    1.603257] zswap: loaded using pool lzo/zbud
[    1.607862] Key type trusted registered
[    1.615642] Key type encrypted registered
[    1.617548] AppArmor: AppArmor sha1 policy hashing enabled
[    1.621568] ima: No TPM chip found, activating TPM-bypass!
[    1.625973] ima: Allocated hash algorithm: sha1
[    1.628132] evm: HMAC attrs: 0x1
[    1.631612]   Magic number: 12:19:952
[    1.634747] tty tty9: hash matches
[    1.637478] memory memory5: hash matches
[    1.640343] rtc_cmos rtc_cmos: setting system clock to 2020-07-28 19:54:43 UTC (1595966083)
[    1.647051] BIOS EDD facility v0.16 2004-Jun-25, 0 devices found
[    1.652631] EDD information not available.
[    1.730481] Freeing unused kernel memory: 1492K
[    1.735754] Write protecting the kernel read-only data: 14336k
[    1.744747] Freeing unused kernel memory: 1592K
[    1.752368] Freeing unused kernel memory: 56K
Loading, please wait...
starting version 229
[    1.776489] random: systemd-udevd: uninitialized urandom read (16 bytes read, 5 bits of entropy available)
[    1.777207] random: udevadm: uninitialized urandom read (16 bytes read, 5 bits of entropy available)
[    1.777233] random: udevadm: uninitialized urandom read (16 bytes read, 5 bits of entropy available)
[    1.788930] random: udevadm: uninitialized urandom read (16 bytes read, 5 bits of entropy available)
[    1.788985] random: udevadm: uninitialized urandom read (16 bytes read, 5 bits of entropy available)
[    1.789156] random: udevadm: uninitialized urandom read (16 bytes read, 5 bits of entropy available)
[    1.789252] random: udevadm: uninitialized urandom read (16 bytes read, 5 bits of entropy available)
[    1.789339] random: udevadm: uninitialized urandom read (16 bytes read, 5 bits of entropy available)
[    1.789421] random: udevadm: uninitialized urandom read (16 bytes read, 5 bits of entropy available)
[    1.789480] random: udevadm: uninitialized urandom read (16 bytes read, 5 bits of entropy available)
[    1.925730] e1000: Intel(R) PRO/1000 Network Driver - version 7.3.21-k8-NAPI
[    1.927651] e1000: Copyright (c) 1999-2006 Intel Corporation.
[    1.941019] Fusion MPT base driver 3.04.20
[    1.942831] Copyright (c) 1999-2008 LSI Corporation
[    1.955355] Fusion MPT SPI Host driver 3.04.20
[    2.025769] AVX2 version of gcm_enc/dec engaged.
[    2.028523] AES CTR mode by8 optimization enabled
[    2.169714] input: ImExPS/2 Generic Explorer Mouse as /devices/platform/i8042/serio1/input/input4
[    2.435446] e1000 0000:00:03.0 eth0: (PCI:33MHz:32-bit) 02:e5:f9:b1:f5:c2
[    2.438608] e1000 0000:00:03.0 eth0: Intel(R) PRO/1000 Network Connection
[    2.444197] mptbase: ioc0: Initiating bringup
[    2.512212] ioc0: LSI53C1030 A0: Capabilities={Initiator}
[    2.688758] scsi host2: ioc0: LSI53C1030 A0, FwRev=00000000h, Ports=1, MaxQ=256, IRQ=20
[    2.804686] scsi 2:0:0:0: Direct-Access     VBOX     HARDDISK         1.0  PQ: 0 ANSI: 5
[    2.808677] scsi target2:0:0: Beginning Domain Validation
[    2.812594] scsi target2:0:0: Domain Validation skipping write tests
[    2.834610] scsi target2:0:0: Ending Domain Validation
[    2.838660] scsi target2:0:0: asynchronous
[    2.848258] scsi 2:0:1:0: Direct-Access     VBOX     HARDDISK         1.0  PQ: 0 ANSI: 5
[    2.855029] scsi target2:0:1: Beginning Domain Validation
[    2.862861] scsi target2:0:1: Domain Validation skipping write tests
[    2.867676] scsi target2:0:1: Ending Domain Validation
[    2.871049] scsi target2:0:1: asynchronous
[    2.905380] sd 2:0:0:0: Attached scsi generic sg0 type 0
[    2.917913] sd 2:0:1:0: Attached scsi generic sg1 type 0
[    2.931677] sd 2:0:0:0: [sda] 20971520 512-byte logical blocks: (10.7 GB/10.0 GiB)
[    2.939033] sd 2:0:1:0: [sdb] 20480 512-byte logical blocks: (10.5 MB/10.0 MiB)
[    2.943530] sd 2:0:0:0: [sda] Write Protect is off
[    2.947312] sd 2:0:1:0: [sdb] Write Protect is off
[    2.950150] sd 2:0:0:0: [sda] Incomplete mode parameter data
[    2.953241] sd 2:0:0:0: [sda] Assuming drive cache: write through
[    2.959446] sd 2:0:1:0: [sdb] Incomplete mode parameter data
[    2.962305] sd 2:0:1:0: [sdb] Assuming drive cache: write through
[    2.970500]  sda: sda1
[    2.974002] sd 2:0:1:0: [sdb] Attached SCSI disk
[    2.977491] sd 2:0:0:0: [sda] Attached SCSI disk
[    3.383582] e1000 0000:00:08.0 eth1: (PCI:33MHz:32-bit) 08:00:27:8e:72:ef
[    3.388208] e1000 0000:00:08.0 eth1: Intel(R) PRO/1000 Network Connection
[    3.392185] e1000 0000:00:08.0 enp0s8: renamed from eth1
[    3.404328] e1000 0000:00:03.0 enp0s3: renamed from eth0
Begin: Loading essential drivers ... [    4.836617] md: linear personality registered for level -1
[    4.842310] md: multipath personality registered for level -4
[    4.847712] md: raid0 personality registered for level 0
[    4.856545] md: raid1 personality registered for level 1
[    4.932354] raid6: sse2x1   gen()  6363 MB/s
[    5.000794] raid6: sse2x1   xor()  6109 MB/s
[    5.068013] raid6: sse2x2   gen()  5743 MB/s
[    5.136421] raid6: sse2x2   xor()  5638 MB/s
[    5.203901] raid6: sse2x4   gen()  7820 MB/s
[    5.276060] raid6: sse2x4   xor()  3242 MB/s
[    5.348071] raid6: avx2x1   gen()  2271 MB/s
[    5.420410] raid6: avx2x2   gen() 15583 MB/s
[    5.488180] raid6: avx2x4   gen() 11803 MB/s
[    5.489704] raid6: using algorithm avx2x2 gen() 15583 MB/s
[    5.491591] raid6: using avx2x2 recovery algorithm
[    5.495015] xor: automatically using best checksumming function:
[    5.536157]    avx       : 24329.000 MB/sec
[    5.538731] async_tx: api initialized (async)
[    5.552625] md: raid6 personality registered for level 6
[    5.554220] md: raid5 personality registered for level 5
[    5.556774] md: raid4 personality registered for level 4
[    5.574169] md: raid10 personality registered for level 10
done.
Begin: Running /scripts/init-premount ... done.
Begin: Mounting root file system ... Begin: Running /scripts/local-top ... done.
Begin: Running /scripts/local-premount ... [    5.622845] Btrfs loaded
Scanning for Btrfs filesystems
done.
Warning: fsck not present, so skipping root file system
[    5.703744] EXT4-fs (sda1): mounted filesystem with ordered data mode. Opts: (null)
done.
Begin: Running /scripts/local-bottom ... done.
Begin: Running /scripts/init-bottom ... done.
[    5.987891] systemd[1]: systemd 229 running in system mode. (+PAM +AUDIT +SELINUX +IMA +APPARMOR +SMACK +SYSVINIT +UTMP +LIBCRYPTSETUP +GCRYPT +GNUTLS +ACL +XZ -LZ4 +SECCOMP +BLKID +ELFUTILS +KMOD -IDN)
[    5.999731] systemd[1]: Detected virtualization oracle.
[    6.001993] systemd[1]: Detected architecture x86-64.

Welcome to [1mUbuntu 16.04.6 LTS[0m!

[    6.010756] systemd[1]: Set hostname to <ubuntu>.
[    6.018320] systemd[1]: Initializing machine ID from random generator.
[    6.021312] systemd[1]: Installed transient /etc/machine-id file.
[    6.434040] systemd[1]: Reached target Encrypted Volumes.
[[0;32m  OK  [0m] Reached target Encrypted Volumes.
[    6.441484] systemd[1]: Created slice System Slice.
[[0;32m  OK  [0m] Created slice System Slice.
[    6.449655] systemd[1]: Created slice system-serial\x2dgetty.slice.
[[0;32m  OK  [0m] Created slice system-serial\x2dgetty.slice.
[    6.464655] systemd[1]: Listening on Device-mapper event daemon FIFOs.
[[0;32m  OK  [0m] Listening on Device-mapper event daemon FIFOs.
[    6.472573] systemd[1]: Listening on Journal Socket (/dev/log).
[[0;32m  OK  [0m] Listening on Journal Socket (/dev/log).
[    6.480886] systemd[1]: Listening on /dev/initctl Compatibility Named Pipe.
[[0;32m  OK  [0m] Listening on /dev/initctl Compatibility Named Pipe.
[    6.497131] systemd[1]: Listening on Journal Audit Socket.
[[0;32m  OK  [0m] Listening on Journal Audit Socket.
[    6.519852] systemd[1]: Listening on LVM2 poll daemon socket.
[[0;32m  OK  [0m] Listening on LVM2 poll daemon socket.
[    6.532826] systemd[1]: Listening on LVM2 metadata daemon socket.
[[0;32m  OK  [0m] Listening on LVM2 metadata daemon socket.
[    6.552728] systemd[1]: Created slice User and Session Slice.
[[0;32m  OK  [0m] Created slice User and Session Slice.
[    6.564235] systemd[1]: Reached target Slices.
[[0;32m  OK  [0m] Reached target Slices.
[    6.568932] systemd[1]: Listening on Journal Socket.
[[0;32m  OK  [0m] Listening on Journal Socket.
[    6.584360] systemd[1]: Starting Uncomplicated firewall...
         Starting Uncomplicated firewall...
[    6.595424] systemd[1]: Starting Load Kernel Modules...
         Starting Load Kernel Modules...
[    6.617649] Loading iSCSI transport class v2.0-870.
[    6.627449] iscsi: registered transport (tcp)
[    6.628132] systemd[1]: Starting Nameserver information manager...
         Starting Nameserver information manager...
[    6.640806] systemd[1]: Mounting Debug File System...
         Mounting Debug File System...
[    6.652859] systemd[1]: Reached target User and Group Name Lookups.
[[0;32m  OK  [0m] Reached target User and Group Name Lookups.
[    6.684523] systemd[1]: Starting Set console keymap...
[    6.686895] iscsi: registered transport (iser)
         Starting Set console keymap...
[    6.696493] systemd[1]: Listening on Syslog Socket.
[[0;32m  OK  [0m] Listening on Syslog Socket.
[    6.708488] systemd[1]: Starting Journal Service...
         Starting Journal Service...
[    6.717324] systemd[1]: Starting Remount Root and Kernel File Systems...
[    6.735223] EXT4-fs (sda1): re-mounted. Opts: (null)
         Starting Remount Root and Kernel File Systems...
[    6.744210] systemd[1]: Started Forward Password Requests to Wall Directory Watch.
[[0;32m  OK  [0m] Started Forward Password Requests to Wall Directory Watch.
[    6.769258] systemd[1]: Set up automount Arbitrary Executable File Formats File System Automount Point.
[[0;32m  OK  [0m] Set up automount Arbitrary Executab...ats File System Automount Point.
[    6.799064] systemd[1]: Reached target Swap.
[[0;32m  OK  [0m] Reached target Swap.
[    6.802921] systemd[1]: Reached target System Time Synchronized.
[[0;32m  OK  [0m] Reached target System Time Synchronized.
[    6.806472] systemd[1]: Listening on udev Control Socket.
[[0;32m  OK  [0m] Listening on udev Control Socket.
[    6.810052] systemd[1]: Listening on udev Kernel Socket.
[[0;32m  OK  [0m] Listening on udev Kernel Socket.
[    6.828568] systemd[1]: Starting Create list of required static device nodes for the current kernel...
         Starting Create list of required st... nodes for the current kernel...
[    6.835910] systemd[1]: Starting Monitoring of LVM2 mirrors, snapshots etc. using dmeventd or progress polling...
         Starting Monitoring of LVM2 mirrors... dmeventd or progress poll[    6.842894] random: nonblocking pool is initialized
ing...
[    6.846373] systemd[1]: Started Trigger resolvconf update for networkd DNS.
[[0;32m  OK  [0m] Started Trigger resolvconf update for networkd DNS.
[    6.876663] systemd[1]: Mounting POSIX Message Queue File System...
         Mounting POSIX Message Queue File System...
[    6.883421] systemd[1]: Mounting Huge Pages File System...
         Mounting Huge Pages File System...
[    6.892744] systemd[1]: Mounted POSIX Message Queue File System.
[[0;32m  OK  [0m] Mounted POSIX Message Queue File System.
[    6.902116] systemd[1]: Mounted Debug File System.
[[0;32m  OK  [0m] Mounted Debug File System.
[    6.910152] systemd[1]: Mounted Huge Pages File System.
[[0;32m  OK  [0m] Mounted Huge Pages File System.
[    6.917489] systemd[1]: Started Journal Service.
[[0;32m  OK  [0m] Started Journal Service.
[[0;32m  OK  [0m] Started Uncomplicated firewall.
[[0;32m  OK  [0m] Started Load Kernel Modules.
[[0;32m  OK  [0m] Started Set console keymap.
[[0;32m  OK  [0m] Started Remount Root and Kernel File Systems.
[[0;32m  OK  [0m] Started Create list of required sta...ce nodes for the current kernel.
[[0;32m  OK  [0m] Started Nameserver information manager.
[[0;32m  OK  [0m] Started LVM2 metadata daemon.
         Starting Create Static Device Nodes in /dev...
         Starting Load/Save Random Seed...
         Starting udev Coldplug all Devices...
         Starting Apply Kernel Variables...
         Mounting FUSE Control File System...
         Starting Flush Journal to Persistent Storage...
[[0;32m  OK  [0m] Mounted FUSE Control File System.
[[0;32m  OK  [0m] Started Load/Save Random Seed.
[[0;32m  OK  [0m] Started Apply Kernel Variables.
[[0;32m  OK  [0m] Started Create Static Device Nodes in /dev.
[[0;32m  OK  [0m] Started Flush Journal to Persistent Storage.
         Starting udev Kernel Device Manager...
[[0;32m  OK  [0m] Started udev Coldplug all Devices.
[[0;32m  OK  [0m] Started udev Kernel Device Manager.
[[0;32m  OK  [0m] Started Dispatch Password Requests to Console Directory Watch.
[[0;32m  OK  [0m] Started Monitoring of LVM2 mirrors,...ng dmeventd or progress polling.
[[0;32m  OK  [0m] Reached target Local File Systems (Pre).
[[0;32m  OK  [0m] Reached target Local File Systems.
         Starting LSB: AppArmor initialization...
         Starting Commit a transient machine-id on disk...
         Starting Set console font and keymap...
         Starting Tell Plymouth To Write Out Runtime Data...
         Starting Create Volatile Files and Directories...
         Starting Initial cloud-init job (pre-networking)...
[[0;32m  OK  [0m] Started Commit a transient machine-id on disk.
[[0;32m  OK  [0m] Started Tell Plymouth To Write Out Runtime Data.
[[0;32m  OK  [0m] Started Create Volatile Files and Directories.
         Starting Update UTMP about System Boot/Shutdown...
[[0;32m  OK  [0m] Started Update UTMP about System Boot/Shutdown.
[[0;32m  OK  [0m] Found device /dev/ttyS0.
[[0;32m  OK  [0m] Listening on Load/Save RF Kill Switch Status /dev/rfkill Watch.
[[0;32m  OK  [0m] Started LSB: AppArmor initialization.
         Starting Load AppArmor profiles managed internally by snapd...
[[0;32m  OK  [0m] Started Load AppArmor profiles managed internally by snapd.
[[0;32m  OK  [0m] Started Set console font and keymap.
[[0;32m  OK  [0m] Created slice system-getty.slice.
[   10.091810] cloud-init[516]: Cloud-init v. 20.2-45-g5f7825e2-0ubuntu1~16.04.1 running 'init-local' at Tue, 28 Jul 2020 19:54:51 +0000. Up 9.21 seconds.
[[0;32m  OK  [0m] Started Initial cloud-init job (pre-networking).
[[0;32m  OK  [0m] Reached target Network (Pre).
         Starting Raise network interfaces...
[[0;32m  OK  [0m] Started Raise network interfaces.
         Starting Initial cloud-init job (metadata service crawler)...
[[0;32m  OK  [0m] Reached target Network.
[   12.086786] cloud-init[962]: Cloud-init v. 20.2-45-g5f7825e2-0ubuntu1~16.04.1 running 'init' at Tue, 28 Jul 2020 19:54:53 +0000. Up 11.02 seconds.
[   12.092958] cloud-init[962]: ci-info: ++++++++++++++++++++++++++++++++++++++Net device info+++++++++++++++++++++++++++++++++++++++
[   12.097405] cloud-init[962]: ci-info: +--------+-------+----------------------------+---------------+--------+-------------------+
[   12.108276] cloud-init[962]: ci-info: | Device |   Up  |          Address           |      Mask     | Scope  |     Hw-Address    |
[   12.112172] cloud-init[962]: ci-info: +--------+-------+----------------------------+---------------+--------+-------------------+
[   12.121144] cloud-init[962]: ci-info: | enp0s3 |  True |         10.0.2.15          | 255.255.255.0 | global | 02:e5:f9:b1:f5:c2 |
[   12.125138] cloud-init[962]: ci-info: | enp0s3 |  True | fe80::e5:f9ff:feb1:f5c2/64 |       .       |  link  | 02:e5:f9:b1:f5:c2 |
[   12.137191] cloud-init[962]: ci-info: | enp0s8 | False |             .              |       .       |   .    | 08:00:27:8e:72:ef |
[   12.140869] cloud-init[962]: ci-info: |   lo   |  True |         127.0.0.1          |   255.0.0.0   |  host  |         .         |
[   12.144496] cloud-init[962]: ci-info: |   lo   |  True |          ::1/128           |       .       |  host  |         .         |
[   12.148765] cloud-init[962]: ci-info: +--------+-------+----------------------------+---------------+--------+-------------------+
[   12.152867] cloud-init[962]: ci-info: +++++++++++++++++++++++++++Route IPv4 info++++++++++++++++++++++++++++
[   12.156280] cloud-init[962]: ci-info: +-------+-------------+----------+---------------+-----------+-------+
[   12.165057] cloud-init[962]: ci-info: | Route | Destination | Gateway  |    Genmask    | Interface | Flags |
[   12.172814] cloud-init[962]: ci-info: +-------+-------------+----------+---------------+-----------+-------+
[   12.181151] cloud-init[962]: ci-info: |   0   |   0.0.0.0   | 10.0.2.2 |    0.0.0.0    |   enp0s3  |   UG  |
[   12.184425] cloud-init[962]: ci-info: |   1   |   10.0.2.0  | 0.0.0.0  | 255.255.255.0 |   enp0s3  |   U   |
[   12.187964] cloud-init[962]: ci-info: +-------+-------------+----------+---------------+-----------+-------+
[   12.191555] cloud-init[962]: ci-info: +++++++++++++++++++Route IPv6 info+++++++++++++++++++
[   12.194408] cloud-init[962]: ci-info: +-------+-------------+---------+-----------+-------+
[   12.197312] cloud-init[962]: ci-info: | Route | Destination | Gateway | Interface | Flags |
[   12.199914] cloud-init[962]: ci-info: +-------+-------------+---------+-----------+-------+
[   12.209273] cloud-init[962]: ci-info: |   0   |  fe80::/64  |    ::   |   enp0s3  |   U   |
[   12.221314] cloud-init[962]: ci-info: |   3   |   ff00::/8  |    ::   |   enp0s3  |   U   |
[   12.233122] cloud-init[962]: ci-info: +-------+-------------+---------+-----------+-------+
[[0;32m  OK  [0m] Started Initial cloud-init job (metadata service crawler).
[[0;32m  OK  [0m] Reached target Network is Online.
[   12.251372] cloud-init[962]: Generating public/private rsa key pair.
[   12.281023] cloud-init[962]: Your identification has been saved in /etc/ssh/ssh_host_rsa_key.
[   12.295342]          cloud-initStarting iSCSI initiator daemon (iscsid)...[962]: 
Your public key has been saved in /etc/ssh/ssh_host_rsa_key.pub.
[   12.298951] [cloud-init[0;32m  OK  [0m[962]: ] The key fingerprint is:Reached target Cloud-config availability.

[[0;32m  OK  [0m] Reached target System Initialization.
[   12.299357] cloud-init[962]: SHA256:NOjP+IhFpQWNUppusV/eRtSN8zRho06GimEXr8KLMks root@ubuntu-xenial
[   12.304508] [cloud-init[0;32m  OK  [0m[962]: ] The key's randomart image is:Started Daily apt download activities.

[[0;32m  OK  [0m] Started Daily apt upgrade and clean activities.
[   12.304833] [cloud-init[0;32m  OK  [0m[962]: ] +---[RSA 2048]----+Listening on ACPID Listen Socket.

         Starting LXD - unix socket.
[   12.311391]          Starting Socket activation for snappy daemon.
[[0;32m  OK  [0m] Listening on UUID daemon activation socket.
cloud-init[962]: |     .oo.     +  |
[   12.317653] [[0;32m  OK  [0m] Started ACPI Events Check.
[[0;32m  OK  [0m] Reached target Paths.
cloud-init[962]: |    .o.o.o o = o |
[   12.329105] [cloud-init[0;32m  OK  [0m[962]: ] |    +.+ * + B +  |Started Daily Cleanup of Temporary Directories.

[[0;32m  OK  [0m] Listening on D-Bus System Message Bus Socket.
[[0;32m  OK  [0m] Started Message of the Day.
[   12.331904] cloud-init[962]: |   . * O = + + . |
[   12.337246] [cloud-init[0;32m  OK  [0m[962]: ] |    + B S . . .  |Reached target Timers.

[   12.337877] cloud-init[962]: |   . + O o       |
[[0;32m  OK  [0m] Listening on LXD - unix socket.
[[0;32m  OK  [0m] Listening on Socket activation for snappy daemon.
[[0;32m  OK  [0m] Reached target Sockets.
[   12.349134] cloud-init[962]: |  E . = + o      |
[[0;32m  OK  [0m] Reached target Basic System.
         Starting Login Service...
[   12.374911] cloud-init[962]: | . + o o .       |
[   12.381788] cloud-init[962]: |  . . . .        |
[   12.392223] cloud-init[962]: +----[SHA256]-----+
[   12.392298] cloud-init[962]: Generating public/private dsa key pair.
[   12.392369] cloud-init[962]: Your identification has been saved in /etc/ssh/ssh_host_dsa_key.
[   12.392412] cloud-init[962]: Your public key has been saved in /etc/ssh/ssh_host_dsa_key.pub.
[   12.392454] cloud-init[962]: The key fingerprint is:
[   12.392499] cloud-init[962]: SHA256:GId4l0RS0C1WFk8PDWdxiRQnTjtn3iiHp4+hGM2oulc root@ubuntu-xenial
[   12.392540] cloud-init[962]: The key's randomart image is:
[   12.392581] cloud-init[962]: +---[DSA 1024]----+
[   12.392630] cloud-init[962]: |      o=+o+.=B*oo|
[   12.392672] cloud-init[962]: |     . ++o.oo*=o |
[   12.392713] cloud-init[962]: |    . +.+.  .+.o |
[   12.392753] cloud-init[962]: |     . =     .=..|
[   12.392793] cloud-init[962]: |      . S   o +..|
[   12.392834] cloud-init[962]: |        E+   =   |
[   12.392877] cloud-init[962]: |       .o o o    |
[   12.392917] cloud-init[962]: |      .. o . +   |
[   12.392958] cloud-init[962]: |    o+. . . . .  |
[   12.392997] cloud-init[962]: +----[SHA256]-----+
[   12.393036] cloud-init[962]: Generating public/private ecdsa key pair.
[   12.393077] cloud-init[962]: Your identification has been saved in /etc/ssh/ssh_host_ecdsa_key.
[   12.393117] cloud-init[962]: Your public key has been saved in /etc/ssh/ssh_host_ecdsa_key.pub.
[   12.393649] cloud-init[962]: The key fingerprint is:
[   12.393701] cloud-init[962]: SHA256:P4e6UO3gjKMeLBElKpH0yy7s28rYQAGGR0N6sq4z0YI root@ubuntu-xenial
[   12.393744] cloud-init[962]: The key's randomart image is:
[   12.393786] cloud-init[962]: +---[ECDSA 256]---+
[   12.393827] cloud-init[962]: |=*= .            |
[   12.393877] cloud-init[962]: |=+o+             |
[   12.393918] cloud-init[962]: |=oo.             |
[   12.393957] cloud-init[962]: |.+o..    .       |
[   12.393999] cloud-init[962]: |oo.o    S .      |
[   12.394039] cloud-init[962]: |E oo   = + .     |
[   12.394078] cloud-init[962]: |.*..o + o = .    |
[   12.394119] cloud-init[962]: |Boo. o o . o     |
[   12.394159] cloud-init[962]: |oB+oo   o.       |
[   12.394201] cloud-init[962]: +----[SHA256]-----+
[   12.394241] cloud-init[962]: Generating public/private ed25519 key pair.
[   12.394673] cloud-init[962]: Your identification has been saved in /etc/ssh/ssh_host_ed25519_key.
[   12.395093] cloud-init[962]: Your public key has been saved in /etc/ssh/ssh_host_ed25519_key.pub.
[   12.395607] cloud-init[962]: The key fingerprint is:
         Starting Virtualbox guest utils...
[   12.396179] cloud-init[962]: SHA256:Eu/cdneMjDbJ5Risu6rZtwVSHSx+eWm6jfP3cGuzzWo root@ubuntu-xenial
[[0;32m  OK  [0m] Started ACPI event daemon.
[   12.472409] cloud-init[962]: The key's randomart image is:
[   12.482562] cloud-init[962]: +--[ED25519 256]--+
[   12.485186] cloud-init[962]: |           ..    |
[   12.492803] cloud-init[962]: |          ....   |
[   12.499313] cloud-init[962]: |      .  ..... . |
[   12.503549]          Starting Accounts Service...
cloud-init[962]: |       o ...o +  |
         Starting System Logging Service...
[   12.518184] cloud-init[962]: |      . S ..o+.  |
[   12.524845] cloud-init[962]: |       + o +.O o |
         Starting Pollinate to seed the pseudo random number generator...
         Starting LSB: MD monitoring daemon...
[[0;32m  OK  [0m] Started D-Bus System Message Bus.
[   12.534131] cloud-init[962]: |        o + X+* +|
[   12.564431] cloud-init[962]: |       o ..=+oEB+|
[   12.577094] cloud-init[962]: |      o.oo+o ++=B|
[   12.581708] cloud-init[962]: +----[SHA256]-----+
[[0;32m  OK  [0m] Started Deferred execution scheduler.
         Starting /etc/rc.local Compatibility...
[[0;32m  OK  [0m] Started Regular background program processing daemon.
         Starting LXD - container startup/shutdown...
         Starting Snap Daemon...
[[0;32m  OK  [0m] Started FUSE filesystem for LXC.
         Starting LSB: Record successful boot for GRUB...
[[0;32m  OK  [0m] Started System Logging Service.
[[0;32m  OK  [0m] Started iSCSI initiator daemon (iscsid).
[[0;32m  OK  [0m] Started /etc/rc.local Compatibility.
[[0;32m  OK  [0m] Started Login Service.
[[0;32m  OK  [0m] Started Unattended Upgrades Shutdown.
         Starting Authenticate and Authorize Users to Run Privileged Tasks...
         Starting Login to default iSCSI targets...
[[0;32m  OK  [0m] Started LSB: MD monitoring daemon.
[[0;32m  OK  [0m] Started Login to default iSCSI targets.
[[0;32m  OK  [0m] Reached target Remote File Systems (Pre).
[[0;32m  OK  [0m] Reached target Remote File Systems.
         Starting LSB: Set the CPU Frequency Scaling governor to "ondemand"...
         Starting LSB: automatic crash report generation...
         Starting Permit User Sessions...
         Starting LSB: daemon to balance interrupts for SMP systems...
[[0;32m  OK  [0m] Started Authenticate and Authorize Users to Run Privileged Tasks.
[[0;32m  OK  [0m] Started LSB: Record successful boot for GRUB.
[[0;32m  OK  [0m] Started Permit User Sessions.
         Starting Hold until boot process finishes up...
         Starting Terminate Plymouth Boot Screen...
[[0;32m  OK  [0m] Started Hold until boot process finishes up.
[[0;32m  OK  [0m] Started Terminate Plymouth Boot Screen.
[[0;32m  OK  [0m] Started Accounts Service.
[[0;32m  OK  [0m] Started Serial Getty on ttyS0.
         Starting Set console scheme...
[[0;32m  OK  [0m] Started Getty on tty1.
[[0;32m  OK  [0m] Reached target Login Prompts.
[[0;32m  OK  [0m] Started LSB: Set the CPU Frequency Scaling governor to "ondemand".
[[0;32m  OK  [0m] Started Set console scheme.
[[0;32m  OK  [0m] Started LSB: automatic crash report generation.
[[0;32m  OK  [0m] Started LSB: daemon to balance interrupts for SMP systems.
[[0;32m  OK  [0m] Started LXD - container startup/shutdown.
[[0;32m  OK  [0m] Started Virtualbox guest utils.
[[0;32m  OK  [0m] Started Pollinate to seed the pseudo random number generator.
         Starting OpenBSD Secure Shell server...
[[0;32m  OK  [0m] Started OpenBSD Secure Shell server.
[[0;32m  OK  [0m] Started Snap Daemon.
         Starting Wait until snapd is fully seeded...
[[0;32m  OK  [0m] Started Wait until snapd is fully seeded.
         Starting Apply the settings specified in cloud-config...
[[0;32m  OK  [0m] Reached target Multi-User System.
[[0;32m  OK  [0m] Reached target Graphical Interface.
         Starting Update UTMP about System Runlevel Changes...
[[0;32m  OK  [0m] Started Update UTMP about System Runlevel Changes.
[   15.549359] cloud-init[1326]: Generating locales (this might take a while)...
[   16.982025] cloud-init[1326]:   en_US.UTF-8... done
[   16.984910] cloud-init[1326]: Generation complete.
[   17.897702] cloud-init[1326]: Cloud-init v. 20.2-45-g5f7825e2-0ubuntu1~16.04.1 running 'modules:config' at Tue, 28 Jul 2020 19:54:57 +0000. Up 15.37 seconds.
[[0;32m  OK  [0m] Created slice User Slice of vagrant.
         Starting User Manager for UID 1000...
[[0;32m  OK  [0m] Started Session 1 of user vagrant.
[[0;32m  OK  [0m] Started Apply the settings specified in cloud-config.
         Starting Execute cloud user/final scripts...
[[0;32m  OK  [0m] Started User Manager for UID 1000.

Ubuntu 16.04.6 LTS ubuntu-xenial ttyS0

ubuntu-xenial login: ci-info: no authorized SSH keys fingerprints found for user ubuntu.
<14>Jul 28 19:55:01 ec2: 
<14>Jul 28 19:55:01 ec2: #############################################################
<14>Jul 28 19:55:01 ec2: -----BEGIN SSH HOST KEY FINGERPRINTS-----
<14>Jul 28 19:55:01 ec2: 1024 SHA256:GId4l0RS0C1WFk8PDWdxiRQnTjtn3iiHp4+hGM2oulc root@ubuntu-xenial (DSA)
<14>Jul 28 19:55:01 ec2: 256 SHA256:P4e6UO3gjKMeLBElKpH0yy7s28rYQAGGR0N6sq4z0YI root@ubuntu-xenial (ECDSA)
<14>Jul 28 19:55:01 ec2: 256 SHA256:Eu/cdneMjDbJ5Risu6rZtwVSHSx+eWm6jfP3cGuzzWo root@ubuntu-xenial (ED25519)
<14>Jul 28 19:55:01 ec2: 2048 SHA256:NOjP+IhFpQWNUppusV/eRtSN8zRho06GimEXr8KLMks root@ubuntu-xenial (RSA)
<14>Jul 28 19:55:01 ec2: -----END SSH HOST KEY FINGERPRINTS-----
<14>Jul 28 19:55:01 ec2: #############################################################
-----BEGIN SSH HOST KEY KEYS-----
ecdsa-sha2-nistp256 AAAAE2VjZHNhLXNoYTItbmlzdHAyNTYAAAAIbmlzdHAyNTYAAABBBPTXQDBAtLBern547BCW7ErlMgInzT/paqAVeAswEsiUwIa5TiNUuR7YoCmpxiDFpLIcatlcrTnyOumNhwHIN4k= root@ubuntu-xenial
ssh-ed25519 AAAAC3NzaC1lZDI1NTE5AAAAIGvwrneLuCWwVZT2fAs+LrkztnvOk67ZXdOBxl4XTtiD root@ubuntu-xenial
ssh-rsa AAAAB3NzaC1yc2EAAAADAQABAAABAQC2/5BjdmiT8+AqP8L4o5s7rFfegxh5FZkyLI/e/gJlopcCCwstqqIZt/aPnLMn769vPA9e9LUsnpCewqWEoeGlwIvZHzkLKKZy8T1jyg78H5L5M0OMavo3VKogZUdfLWoBfROUKNnNovEuB5n4ijXrFn6w3vZqI2ei3mu4dtCXOdaApsNTOLt8WX26jILZMLZc4g1n6qxXXIX9cNR7vJbRUwcbievTgTrm/NPVFOJ//2KDzSnGxa2kyJXvcTocvYSW6no8E+RE2oESeYUPn3qFBk3N+i8mfQMU81YNI0VKPrF9ekOwKSNnRUpflu4hYn1eBUUfihyM64ts/xzeRXtd root@ubuntu-xenial
-----END SSH HOST KEY KEYS-----
[   19.636529] cloud-init[1379]: Cloud-init v. 20.2-45-g5f7825e2-0ubuntu1~16.04.1 running 'modules:final' at Tue, 28 Jul 2020 19:55:01 +0000. Up 18.98 seconds.
[   19.638984] cloud-init[1379]: ci-info: no authorized SSH keys fingerprints found for user ubuntu.
[   19.639447] cloud-init[1379]: Cloud-init v. 20.2-45-g5f7825e2-0ubuntu1~16.04.1 finished at Tue, 28 Jul 2020 19:55:01 +0000. Datasource DataSourceNoCloud [seed=/dev/sdb][dsmode=net].  Up 19.60 seconds
