[    0.000000] Initializing cgroup subsys cpuset
[    0.000000] Initializing cgroup subsys cpu
[    0.000000] Initializing cgroup subsys cpuacct
[    0.000000] Linux version 4.4.0-186-generic (buildd@lcy01-amd64-002) (gcc version 5.4.0 20160609 (Ubuntu 5.4.0-6ubuntu1~16.04.12) ) #216-Ubuntu SMP Wed Jul 1 05:34:05 UTC 2020 (Ubuntu 4.4.0-186.216-generic 4.4.228)
[    0.000000] Command line: BOOT_IMAGE=/boot/vmlinuz-4.4.0-186-generic root=LABEL=cloudimg-rootfs ro console=tty1 console=ttyS0
[    0.000000] KERNEL supported cpus:
[    0.000000]   Intel GenuineIntel
[    0.000000]   AMD AuthenticAMD
[    0.000000]   Centaur CentaurHauls
[    0.000000] x86/fpu: xstate_offset[2]:  576, xstate_sizes[2]:  256
[    0.000000] x86/fpu: Supporting XSAVE feature 0x01: 'x87 floating point registers'
[    0.000000] x86/fpu: Supporting XSAVE feature 0x02: 'SSE registers'
[    0.000000] x86/fpu: Supporting XSAVE feature 0x04: 'AVX registers'
[    0.000000] x86/fpu: Enabled xstate features 0x7, context size is 832 bytes, using 'standard' format.
[    0.000000] e820: BIOS-provided physical RAM map:
[    0.000000] BIOS-e820: [mem 0x0000000000000000-0x000000000009fbff] usable
[    0.000000] BIOS-e820: [mem 0x000000000009fc00-0x000000000009ffff] reserved
[    0.000000] BIOS-e820: [mem 0x00000000000f0000-0x00000000000fffff] reserved
[    0.000000] BIOS-e820: [mem 0x0000000000100000-0x000000003ffeffff] usable
[    0.000000] BIOS-e820: [mem 0x000000003fff0000-0x000000003fffffff] ACPI data
[    0.000000] BIOS-e820: [mem 0x00000000fec00000-0x00000000fec00fff] reserved
[    0.000000] BIOS-e820: [mem 0x00000000fee00000-0x00000000fee00fff] reserved
[    0.000000] BIOS-e820: [mem 0x00000000fffc0000-0x00000000ffffffff] reserved
[    0.000000] NX (Execute Disable) protection: active
[    0.000000] SMBIOS 2.5 present.
[    0.000000] Hypervisor detected: KVM
[    0.000000] e820: last_pfn = 0x3fff0 max_arch_pfn = 0x400000000
[    0.000000] MTRR: Disabled
[    0.000000] x86/PAT: MTRRs disabled, skipping PAT initialization too.
[    0.000000] CPU MTRRs all blank - virtualized system.
[    0.000000] x86/PAT: Configuration [0-7]: WB  WT  UC- UC  WB  WT  UC- UC  
[    0.000000] found SMP MP-table at [mem 0x0009fff0-0x0009ffff] mapped at [ffff88000009fff0]
[    0.000000] Scanning 1 areas for low memory corruption
[    0.000000] RAMDISK: [mem 0x362e0000-0x37167fff]
[    0.000000] ACPI: Early table checksum verification disabled
[    0.000000] ACPI: RSDP 0x00000000000E0000 000024 (v02 VBOX  )
[    0.000000] ACPI: XSDT 0x000000003FFF0030 00003C (v01 VBOX   VBOXXSDT 00000001 ASL  00000061)
[    0.000000] ACPI: FACP 0x000000003FFF00F0 0000F4 (v04 VBOX   VBOXFACP 00000001 ASL  00000061)
[    0.000000] ACPI: DSDT 0x000000003FFF0470 002325 (v02 VBOX   VBOXBIOS 00000002 INTL 20100528)
[    0.000000] ACPI: FACS 0x000000003FFF0200 000040
[    0.000000] ACPI: FACS 0x000000003FFF0200 000040
[    0.000000] ACPI: APIC 0x000000003FFF0240 00005C (v02 VBOX   VBOXAPIC 00000001 ASL  00000061)
[    0.000000] ACPI: SSDT 0x000000003FFF02A0 0001CC (v01 VBOX   VBOXCPUT 00000002 INTL 20100528)
[    0.000000] No NUMA configuration found
[    0.000000] Faking a node at [mem 0x0000000000000000-0x000000003ffeffff]
[    0.000000] NODE_DATA(0) allocated [mem 0x3ffeb000-0x3ffeffff]
[    0.000000] kvm-clock: Using msrs 4b564d01 and 4b564d00
[    0.000000] kvm-clock: cpu 0, msr 0:3ffe3001, primary cpu clock
[    0.000000] kvm-clock: using sched offset of 6174047409 cycles
[    0.000000] clocksource: kvm-clock: mask: 0xffffffffffffffff max_cycles: 0x1cd42e4dffb, max_idle_ns: 881590591483 ns
[    0.000000] Zone ranges:
[    0.000000]   DMA      [mem 0x0000000000001000-0x0000000000ffffff]
[    0.000000]   DMA32    [mem 0x0000000001000000-0x000000003ffeffff]
[    0.000000]   Normal   empty
[    0.000000]   Device   empty
[    0.000000] Movable zone start for each node
[    0.000000] Early memory node ranges
[    0.000000]   node   0: [mem 0x0000000000001000-0x000000000009efff]
[    0.000000]   node   0: [mem 0x0000000000100000-0x000000003ffeffff]
[    0.000000] Initmem setup node 0 [mem 0x0000000000001000-0x000000003ffeffff]
[    0.000000] ACPI: PM-Timer IO Port: 0x4008
[    0.000000] IOAPIC[0]: apic_id 2, version 32, address 0xfec00000, GSI 0-23
[    0.000000] ACPI: INT_SRC_OVR (bus 0 bus_irq 0 global_irq 2 dfl dfl)
[    0.000000] ACPI: INT_SRC_OVR (bus 0 bus_irq 9 global_irq 9 low level)
[    0.000000] Using ACPI (MADT) for SMP configuration information
[    0.000000] smpboot: Allowing 2 CPUs, 0 hotplug CPUs
[    0.000000] PM: Registered nosave memory: [mem 0x00000000-0x00000fff]
[    0.000000] PM: Registered nosave memory: [mem 0x0009f000-0x0009ffff]
[    0.000000] PM: Registered nosave memory: [mem 0x000a0000-0x000effff]
[    0.000000] PM: Registered nosave memory: [mem 0x000f0000-0x000fffff]
[    0.000000] e820: [mem 0x40000000-0xfebfffff] available for PCI devices
[    0.000000] Booting paravirtualized kernel on KVM
[    0.000000] clocksource: refined-jiffies: mask: 0xffffffff max_cycles: 0xffffffff, max_idle_ns: 7645519600211568 ns
[    0.000000] setup_percpu: NR_CPUS:512 nr_cpumask_bits:512 nr_cpu_ids:2 nr_node_ids:1
[    0.000000] PERCPU: Embedded 33 pages/cpu @ffff88003fc00000 s95512 r8192 d31464 u1048576
[    0.000000] Built 1 zonelists in Node order, mobility grouping on.  Total pages: 257912
[    0.000000] Policy zone: DMA32
[    0.000000] Kernel command line: BOOT_IMAGE=/boot/vmlinuz-4.4.0-186-generic root=LABEL=cloudimg-rootfs ro console=tty1 console=ttyS0
[    0.000000] PID hash table entries: 4096 (order: 3, 32768 bytes)
[    0.000000] Memory: 997664K/1048120K available (8636K kernel code, 1337K rwdata, 4040K rodata, 1492K init, 1296K bss, 50456K reserved, 0K cma-reserved)
[    0.000000] SLUB: HWalign=64, Order=0-3, MinObjects=0, CPUs=2, Nodes=1
[    0.000000] Kernel/User page tables isolation: enabled
[    0.000000] Hierarchical RCU implementation.
[    0.000000] 	Build-time adjustment of leaf fanout to 64.
[    0.000000] 	RCU restricting CPUs from NR_CPUS=512 to nr_cpu_ids=2.
[    0.000000] RCU: Adjusting geometry for rcu_fanout_leaf=64, nr_cpu_ids=2
[    0.000000] NR_IRQS:33024 nr_irqs:440 16
[    0.000000] Console: colour VGA+ 80x25
[    0.000000] console [tty1] enabled
[    0.000000] console [ttyS0] enabled
[    0.000000] tsc: Detected 1799.999 MHz processor
[    0.355170] Calibrating delay loop (skipped) preset value.. 3599.99 BogoMIPS (lpj=7199996)
[    0.363739] pid_max: default: 32768 minimum: 301
[    0.365882] ACPI: Core revision 20150930
[    0.367954] ACPI: 2 ACPI AML tables successfully acquired and loaded
[    0.370377] Security Framework initialized
[    0.371671] Yama: becoming mindful.
[    0.376847] AppArmor: AppArmor initialized
[    0.379351] Dentry cache hash table entries: 131072 (order: 8, 1048576 bytes)
[    0.384494] Inode-cache hash table entries: 65536 (order: 7, 524288 bytes)
[    0.387830] Mount-cache hash table entries: 2048 (order: 2, 16384 bytes)
[    0.394344] Mountpoint-cache hash table entries: 2048 (order: 2, 16384 bytes)
[    0.397380] Initializing cgroup subsys io
[    0.399095] Initializing cgroup subsys memory
[    0.401447] Initializing cgroup subsys devices
[    0.402811] Initializing cgroup subsys freezer
[    0.404081] Initializing cgroup subsys net_cls
[    0.406798] Initializing cgroup subsys perf_event
[    0.411206] Initializing cgroup subsys net_prio
[    0.415831] Initializing cgroup subsys hugetlb
[    0.418614] Initializing cgroup subsys pids
[    0.436782] mce: CPU supports 0 MCE banks
[    0.444350] Last level iTLB entries: 4KB 64, 2MB 8, 4MB 8
[    0.447859] Last level dTLB entries: 4KB 64, 2MB 0, 4MB 0, 1GB 4
[    0.450811] Spectre V1 : Mitigation: usercopy/swapgs barriers and __user pointer sanitization
[    0.456404] Spectre V2 : Mitigation: Full generic retpoline
[    0.460235] Spectre V2 : Spectre v2 / SpectreRSB mitigation: Filling RSB on context switch
[    0.463702] Speculative Store Bypass: Vulnerable
[    0.465594] SRBDS: Unknown: Dependent on hypervisor status
[    0.467713] MDS: Mitigation: Clear CPU buffers
[    0.472701] Freeing SMP alternatives memory: 36K
[    0.484803] ftrace: allocating 32334 entries in 127 pages
[    0.560958] smpboot: APIC(0) Converting physical 0 to logical package 0
[    0.563064] smpboot: Max logical packages: 1
[    0.565282] x2apic enabled
[    0.566774] Switched APIC routing to physical x2apic.
[    0.569453] ..TIMER: vector=0x30 apic1=0 pin1=2 apic2=-1 pin2=-1
[    0.680026] smpboot: CPU0: Intel(R) Core(TM) i5-5350U CPU @ 1.80GHz (family: 0x6, model: 0x3d, stepping: 0x4)
[    0.683545] Performance Events: unsupported p6 CPU model 61 no PMU driver, software events only.
[    0.700279] KVM setup paravirtual spinlock
[    0.702681] x86: Booting SMP configuration:
[    0.703992] .... node  #0, CPUs:      #1
[    0.706051] kvm-clock: cpu 1, msr 0:3ffe3041, secondary cpu clock
[    0.717870] mce: CPU supports 0 MCE banks
[    0.720976] x86: Booted up 1 node, 2 CPUs
[    0.723709] smpboot: Total of 2 processors activated (7199.99 BogoMIPS)
[    0.726773] devtmpfs: initialized
[    0.729612] evm: security.selinux
[    0.730746] evm: security.SMACK64
[    0.731801] evm: security.SMACK64EXEC
[    0.733242] evm: security.SMACK64TRANSMUTE
[    0.734746] evm: security.SMACK64MMAP
[    0.736053] evm: security.ima
[    0.737086] evm: security.capability
[    0.739014] clocksource: jiffies: mask: 0xffffffff max_cycles: 0xffffffff, max_idle_ns: 7645041785100000 ns
[    0.743756] futex hash table entries: 512 (order: 3, 32768 bytes)
[    0.746857] pinctrl core: initialized pinctrl subsystem
[    0.748908] RTC time: 20:13:45, date: 07/28/20
[    0.750805] NET: Registered protocol family 16
[    0.760589] cpuidle: using governor ladder
[    0.772150] cpuidle: using governor menu
[    0.775459] PCCT header not found.
[    0.778188] ACPI: bus type PCI registered
[    0.779512] acpiphp: ACPI Hot Plug PCI Controller Driver version: 0.5
[    0.782004] PCI: Using configuration type 1 for base access
[    0.798029] ACPI: Added _OSI(Module Device)
[    0.801098] ACPI: Added _OSI(Processor Device)
[    0.802506] ACPI: Added _OSI(3.0 _SCP Extensions)
[    0.804184] ACPI: Added _OSI(Processor Aggregator Device)
[    0.807727] ACPI: Executed 1 blocks of module-level executable AML code
[    0.812904] ACPI: Interpreter enabled
[    0.814275] ACPI: (supports S0 S5)
[    0.815923] ACPI: Using IOAPIC for interrupt routing
[    0.818233] PCI: Using host bridge windows from ACPI; if necessary, use "pci=nocrs" and report a bug
[    0.828684] ACPI: PCI Root Bridge [PCI0] (domain 0000 [bus 00-ff])
[    0.830692] acpi PNP0A03:00: _OSC: OS supports [ASPM ClockPM Segments MSI]
[    0.833467] acpi PNP0A03:00: _OSC: not requesting OS control; OS requires [ExtendedConfig ASPM ClockPM MSI]
[    0.836524] acpi PNP0A03:00: fail to add MMCONFIG information, can't access extended PCI configuration space under this bridge.
[    0.847688] PCI host bridge to bus 0000:00
[    0.849235] pci_bus 0000:00: root bus resource [io  0x0000-0x0cf7 window]
[    0.851638] pci_bus 0000:00: root bus resource [io  0x0d00-0xffff window]
[    0.854909] pci_bus 0000:00: root bus resource [mem 0x000a0000-0x000bffff window]
[    0.858019] pci_bus 0000:00: root bus resource [mem 0x40000000-0xfdffffff window]
[    0.860389] pci_bus 0000:00: root bus resource [bus 00-ff]
[    0.866200] pci 0000:00:01.1: legacy IDE quirk: reg 0x10: [io  0x01f0-0x01f7]
[    0.868218] pci 0000:00:01.1: legacy IDE quirk: reg 0x14: [io  0x03f6]
[    0.870300] pci 0000:00:01.1: legacy IDE quirk: reg 0x18: [io  0x0170-0x0177]
[    0.886286] pci 0000:00:01.1: legacy IDE quirk: reg 0x1c: [io  0x0376]
[    0.920920] pci 0000:00:07.0: quirk: [io  0x4000-0x403f] claimed by PIIX4 ACPI
[    0.923715] pci 0000:00:07.0: quirk: [io  0x4100-0x410f] claimed by PIIX4 SMB
[    0.942456] ACPI: PCI Interrupt Link [LNKA] (IRQs 5 9 10 *11)
[    0.945759] ACPI: PCI Interrupt Link [LNKB] (IRQs 5 9 *10 11)
[    0.948544] ACPI: PCI Interrupt Link [LNKC] (IRQs 5 *9 10 11)
[    0.951160] ACPI: PCI Interrupt Link [LNKD] (IRQs 5 9 10 *11)
[    0.953663] ACPI: Enabled 2 GPEs in block 00 to 07
[    0.960872] vgaarb: setting as boot device: PCI:0000:00:02.0
[    0.962493] vgaarb: device added: PCI:0000:00:02.0,decodes=io+mem,owns=io+mem,locks=none
[    0.965252] vgaarb: loaded
[    0.966757] vgaarb: bridge control possible 0000:00:02.0
[    0.968775] SCSI subsystem initialized
[    0.970242] ACPI: bus type USB registered
[    0.972259] usbcore: registered new interface driver usbfs
[    0.975672] usbcore: registered new interface driver hub
[    0.977899] usbcore: registered new device driver usb
[    0.980030] PCI: Using ACPI for IRQ routing
[    0.983645] NetLabel: Initializing
[    0.984976] NetLabel:  domain hash size = 128
[    0.986405] NetLabel:  protocols = UNLABELED CIPSOv4
[    0.990599] NetLabel:  unlabeled traffic allowed by default
[    0.993540] amd_nb: Cannot enumerate AMD northbridges
[    0.995629] clocksource: Switched to clocksource kvm-clock
[    1.009871] AppArmor: AppArmor Filesystem Enabled
[    1.011876] pnp: PnP ACPI init
[    1.014781] pnp: PnP ACPI: found 3 devices
[    1.034748] clocksource: acpi_pm: mask: 0xffffff max_cycles: 0xffffff, max_idle_ns: 2085701024 ns
[    1.038271] NET: Registered protocol family 2
[    1.040983] TCP established hash table entries: 8192 (order: 4, 65536 bytes)
[    1.044546] TCP bind hash table entries: 8192 (order: 5, 131072 bytes)
[    1.047073] TCP: Hash tables configured (established 8192 bind 8192)
[    1.049924] UDP hash table entries: 512 (order: 2, 16384 bytes)
[    1.052869] UDP-Lite hash table entries: 512 (order: 2, 16384 bytes)
[    1.054963] NET: Registered protocol family 1
[    1.059224] pci 0000:00:00.0: Limiting direct PCI/PCI transfers
[    1.061617] pci 0000:00:01.0: Activating ISA DMA hang workarounds
[    1.064256] Unpacking initramfs...
[    1.568281] Freeing initrd memory: 14880K
[    1.573540] RAPL PMU detected, API unit is 2^-32 Joules, 4 fixed counters 10737418240 ms ovfl timer
[    1.580973] hw unit of domain pp0-core 2^-0 Joules
[    1.582786] hw unit of domain package 2^-0 Joules
[    1.584506] hw unit of domain dram 2^-0 Joules
[    1.585814] hw unit of domain pp1-gpu 2^-0 Joules
[    1.587319] clocksource: tsc: mask: 0xffffffffffffffff max_cycles: 0x19f228ab7a2, max_idle_ns: 440795289252 ns
[    1.597445] platform rtc_cmos: registered platform RTC device (no PNP device found)
[    1.600536] Scanning for low memory corruption every 60 seconds
[    1.602747] audit: initializing netlink subsys (disabled)
[    1.604707] audit: type=2000 audit(1595967234.097:1): initialized
[    1.611072] Initialise system trusted keyring
[    1.613040] HugeTLB registered 2 MB page size, pre-allocated 0 pages
[    1.616391] zbud: loaded
[    1.617925] VFS: Disk quotas dquot_6.6.0
[    1.619342] VFS: Dquot-cache hash table entries: 512 (order 0, 4096 bytes)
[    1.621873] squashfs: version 4.0 (2009/01/31) Phillip Lougher
[    1.626496] fuse init (API version 7.23)
[    1.628210] Key type big_key registered
[    1.629429] Allocating IMA MOK and blacklist keyrings.
[    1.634991] Key type asymmetric registered
[    1.636664] Asymmetric key parser 'x509' registered
[    1.638787] Block layer SCSI generic (bsg) driver version 0.4 loaded (major 249)
[    1.641611] io scheduler noop registered
[    1.642824] io scheduler deadline registered (default)
[    1.644504] io scheduler cfq registered
[    1.645763] pci_hotplug: PCI Hot Plug PCI Core version: 0.5
[    1.647553] pciehp: PCI Express Hot Plug Controller Driver version: 0.4
[    1.650805] ACPI: AC Adapter [AC] (off-line)
[    1.652674] input: Power Button as /devices/LNXSYSTM:00/LNXPWRBN:00/input/input0
[    1.656501] ACPI: Power Button [PWRF]
[    1.658376] input: Sleep Button as /devices/LNXSYSTM:00/LNXSLPBN:00/input/input1
[    1.661362] ACPI: Sleep Button [SLPF]
[    1.664880] ACPI: Battery Slot [BAT0] (battery present)
[    1.666504] GHES: HEST is not enabled!
[    1.667897] Serial: 8250/16550 driver, 32 ports, IRQ sharing enabled
[    1.693503] 00:02: ttyS0 at I/O 0x3f8 (irq = 4, base_baud = 115200) is a 16550A
[    1.702346] Linux agpgart interface v0.103
[    1.707451] loop: module loaded
[    1.712566] scsi host0: ata_piix
[    1.714342] scsi host1: ata_piix
[    1.715501] ata1: PATA max UDMA/33 cmd 0x1f0 ctl 0x3f6 bmdma 0xd000 irq 14
[    1.717883] ata2: PATA max UDMA/33 cmd 0x170 ctl 0x376 bmdma 0xd008 irq 15
[    1.720130] libphy: Fixed MDIO Bus: probed
[    1.722444] tun: Universal TUN/TAP device driver, 1.6
[    1.727958] tun: (C) 1999-2004 Max Krasnyansky <maxk@qualcomm.com>
[    1.730134] PPP generic driver version 2.4.2
[    1.732792] ehci_hcd: USB 2.0 'Enhanced' Host Controller (EHCI) Driver
[    1.735472] ehci-pci: EHCI PCI platform driver
[    1.738667] ehci-platform: EHCI generic platform driver
[    1.743201] ohci_hcd: USB 1.1 'Open' Host Controller (OHCI) Driver
[    1.748168] ohci-pci: OHCI PCI platform driver
[    1.750732] ohci-platform: OHCI generic platform driver
[    1.752990] uhci_hcd: USB Universal Host Controller Interface driver
[    1.757107] i8042: PNP: PS/2 Controller [PNP0303:PS2K,PNP0f03:PS2M] at 0x60,0x64 irq 1,12
[    1.761905] serio: i8042 KBD port at 0x60,0x64 irq 1
[    1.763405] serio: i8042 AUX port at 0x60,0x64 irq 12
[    1.765388] mousedev: PS/2 mouse device common for all mice
[    1.767598] rtc_cmos rtc_cmos: rtc core: registered rtc_cmos as rtc0
[    1.770009] rtc_cmos rtc_cmos: alarms up to one day, 114 bytes nvram
[    1.772553] i2c /dev entries driver
[    1.776147] input: AT Translated Set 2 keyboard as /devices/platform/i8042/serio0/input/input2
[    1.779821] device-mapper: uevent: version 1.0.3
[    1.781757] device-mapper: ioctl: 4.34.0-ioctl (2015-10-28) initialised: dm-devel@redhat.com
[    1.784812] ledtrig-cpu: registered to indicate activity on CPUs
[    1.788391] NET: Registered protocol family 10
[    1.792351] NET: Registered protocol family 17
[    1.794071] Key type dns_resolver registered
[    1.798387] registered taskstats version 1
[    1.801387] Loading compiled-in X.509 certificates
[    1.805869] Loaded X.509 cert 'Build time autogenerated kernel key: cef5e81496c0efa51b848ab539e845ddf31c08be'
[    1.815365] zswap: loaded using pool lzo/zbud
[    1.826258] Key type trusted registered
[    1.832254] Key type encrypted registered
[    1.833768] AppArmor: AppArmor sha1 policy hashing enabled
[    1.835270] ima: No TPM chip found, activating TPM-bypass!
[    1.837659] ima: Allocated hash algorithm: sha1
[    1.840903] evm: HMAC attrs: 0x1
[    1.844382]   Magic number: 12:401:246
[    1.845638] rtc_cmos rtc_cmos: setting system clock to 2020-07-28 20:13:47 UTC (1595967227)
[    1.848586] BIOS EDD facility v0.16 2004-Jun-25, 0 devices found
[    1.850632] EDD information not available.
[    1.903965] Freeing unused kernel memory: 1492K
[    1.905874] Write protecting the kernel read-only data: 14336k
[    1.912751] Freeing unused kernel memory: 1592K
[    1.914977] Freeing unused kernel memory: 56K
Loading, please wait...
starting version 229
[    1.942768] random: systemd-udevd: uninitialized urandom read (16 bytes read, 5 bits of entropy available)
[    1.946590] random: udevadm: uninitialized urandom read (16 bytes read, 5 bits of entropy available)
[    1.946640] random: udevadm: uninitialized urandom read (16 bytes read, 5 bits of entropy available)
[    1.958887] random: systemd-udevd: uninitialized urandom read (16 bytes read, 5 bits of entropy available)
[    1.963596] random: udevadm: uninitialized urandom read (16 bytes read, 5 bits of entropy available)
[    1.963650] random: udevadm: uninitialized urandom read (16 bytes read, 5 bits of entropy available)
[    1.963881] random: udevadm: uninitialized urandom read (16 bytes read, 5 bits of entropy available)
[    1.963942] random: udevadm: uninitialized urandom read (16 bytes read, 5 bits of entropy available)
[    1.964065] random: udevadm: uninitialized urandom read (16 bytes read, 5 bits of entropy available)
[    1.964157] random: udevadm: uninitialized urandom read (16 bytes read, 5 bits of entropy available)
[    2.050109] e1000: Intel(R) PRO/1000 Network Driver - version 7.3.21-k8-NAPI
[    2.054262] e1000: Copyright (c) 1999-2006 Intel Corporation.
[    2.076123] Fusion MPT base driver 3.04.20
[    2.078739] Copyright (c) 1999-2008 LSI Corporation
[    2.106321] AVX2 version of gcm_enc/dec engaged.
[    2.109733] AES CTR mode by8 optimization enabled
[    2.128133] Fusion MPT SPI Host driver 3.04.20
[    2.274568] input: ImExPS/2 Generic Explorer Mouse as /devices/platform/i8042/serio1/input/input4
[    2.610527] e1000 0000:00:03.0 eth0: (PCI:33MHz:32-bit) 02:e5:f9:b1:f5:c2
[    2.614532] e1000 0000:00:03.0 eth0: Intel(R) PRO/1000 Network Connection
[    3.587313] e1000 0000:00:08.0 eth1: (PCI:33MHz:32-bit) 08:00:27:97:c9:12
[    3.590003] e1000 0000:00:08.0 eth1: Intel(R) PRO/1000 Network Connection
[    3.593794] e1000 0000:00:03.0 enp0s3: renamed from eth0
[    3.596689] mptbase: ioc0: Initiating bringup
[    3.604330] e1000 0000:00:08.0 enp0s8: renamed from eth1
[    3.668883] ioc0: LSI53C1030 A0: Capabilities={Initiator}
[    3.835770] scsi host2: ioc0: LSI53C1030 A0, FwRev=00000000h, Ports=1, MaxQ=256, IRQ=20
[    3.952702] scsi 2:0:0:0: Direct-Access     VBOX     HARDDISK         1.0  PQ: 0 ANSI: 5
[    3.969916] scsi target2:0:0: Beginning Domain Validation
[    3.976085] scsi target2:0:0: Domain Validation skipping write tests
[    3.978243] scsi target2:0:0: Ending Domain Validation
[    3.979980] scsi target2:0:0: asynchronous
[    3.982585] scsi 2:0:1:0: Direct-Access     VBOX     HARDDISK         1.0  PQ: 0 ANSI: 5
[    3.985715] scsi target2:0:1: Beginning Domain Validation
[    3.991992] scsi target2:0:1: Domain Validation skipping write tests
[    3.994575] scsi target2:0:1: Ending Domain Validation
[    3.996675] scsi target2:0:1: asynchronous
[    4.016778] sd 2:0:0:0: [sda] 20971520 512-byte logical blocks: (10.7 GB/10.0 GiB)
[    4.016883] sd 2:0:0:0: Attached scsi generic sg0 type 0
[    4.017072] sd 2:0:1:0: Attached scsi generic sg1 type 0
[    4.023894] sd 2:0:1:0: [sdb] 20480 512-byte logical blocks: (10.5 MB/10.0 MiB)
[    4.024645] sd 2:0:0:0: [sda] Write Protect is off
[    4.025072] sd 2:0:0:0: [sda] Incomplete mode parameter data
[    4.025078] sd 2:0:0:0: [sda] Assuming drive cache: write through
[    4.034550] sd 2:0:1:0: [sdb] Write Protect is off
[    4.036615]  sda: sda1
[    4.038757] sd 2:0:1:0: [sdb] Incomplete mode parameter data
[    4.039230] sd 2:0:0:0: [sda] Attached SCSI disk
[    4.042256] sd 2:0:1:0: [sdb] Assuming drive cache: write through
[    4.049711] sd 2:0:1:0: [sdb] Attached SCSI disk
Begin: Loading essential drivers ... [    5.531673] md: linear personality registered for level -1
[    5.536876] md: multipath personality registered for level -4
[    5.543325] md: raid0 personality registered for level 0
[    5.550063] md: raid1 personality registered for level 1
[    5.627720] raid6: sse2x1   gen()  6625 MB/s
[    5.695688] raid6: sse2x1   xor()  5490 MB/s
[    5.763724] raid6: sse2x2   gen()  7044 MB/s
[    5.831904] raid6: sse2x2   xor()  5166 MB/s
[    5.899693] raid6: sse2x4   gen()  9187 MB/s
[    5.968944] raid6: sse2x4   xor()  6769 MB/s
[    6.036200] raid6: avx2x1   gen() 12611 MB/s
[    6.103726] raid6: avx2x2   gen() 15964 MB/s
[    6.171723] raid6: avx2x4   gen() 15583 MB/s
[    6.178114] raid6: using algorithm avx2x2 gen() 15964 MB/s
[    6.181121] raid6: using avx2x2 recovery algorithm
[    6.184427] xor: automatically using best checksumming function:
[    6.227736]    avx       : 14120.000 MB/sec
[    6.233518] async_tx: api initialized (async)
[    6.278668] md: raid6 personality registered for level 6
[    6.284081] md: raid5 personality registered for level 5
[    6.289032] md: raid4 personality registered for level 4
[    6.320961] md: raid10 personality registered for level 10
done.
Begin: Running /scripts/init-premount ... done.
Begin: Mounting root file system ... Begin: Running /scripts/local-top ... done.
Begin: Running /scripts/local-premount ... [    6.380865] Btrfs loaded
Scanning for Btrfs filesystems
done.
Warning: fsck not present, so skipping root file system
[    6.453717] EXT4-fs (sda1): mounted filesystem with ordered data mode. Opts: (null)
done.
Begin: Running /scripts/local-bottom ... done.
Begin: Running /scripts/init-bottom ... done.
[    6.751592] systemd[1]: systemd 229 running in system mode. (+PAM +AUDIT +SELINUX +IMA +APPARMOR +SMACK +SYSVINIT +UTMP +LIBCRYPTSETUP +GCRYPT +GNUTLS +ACL +XZ -LZ4 +SECCOMP +BLKID +ELFUTILS +KMOD -IDN)
[    6.758823] systemd[1]: Detected virtualization oracle.
[    6.760769] systemd[1]: Detected architecture x86-64.

Welcome to [1mUbuntu 16.04.6 LTS[0m!

[    6.769215] systemd[1]: Set hostname to <ubuntu>.
[    6.781997] systemd[1]: Initializing machine ID from random generator.
[    6.785569] systemd[1]: Installed transient /etc/machine-id file.
[    7.245135] systemd[1]: Listening on /dev/initctl Compatibility Named Pipe.
[[0;32m  OK  [0m] Listening on /dev/initctl Compatibility Named Pipe.
[    7.249660] systemd[1]: Listening on Journal Socket (/dev/log).
[[0;32m  OK  [0m] Listening on Journal Socket (/dev/log).
[    7.253732] systemd[1]: Reached target User and Group Name Lookups.
[[0;32m  OK  [0m] Reached target User and Group Name Lookups.
[    7.259705] systemd[1]: Set up automount Arbitrary Executable File Formats File System Automount Point.
[[0;32m  OK  [0m] Set up automount Arbitrary Executab...ats File System Automount Point.
[    7.267321] systemd[1]: Reached target Encrypted Volumes.
[[0;32m  OK  [0m] Reached target Encrypted Volumes.
[    7.276449] systemd[1]: Started Forward Password Requests to Wall Directory Watch.
[[0;32m  OK  [0m] Started Forward Password Requests to Wall Directory Watch.
[    7.282142] systemd[1]: Listening on Journal Audit Socket.
[[0;32m  OK  [0m] Listening on Journal Audit Socket.
[    7.285515] systemd[1]: Reached target Swap.
[[0;32m  OK  [0m] Reached target Swap.
[    7.288480] systemd[1]: Listening on LVM2 poll daemon socket.
[[0;32m  OK  [0m] Listening on LVM2 poll daemon socket.
[    7.300503] systemd[1]: Listening on Syslog Socket.
[[0;32m  OK  [0m] Listening on Syslog Socket.
[    7.304703] systemd[1]: Listening on udev Control Socket.
[[0;32m  OK  [0m] Listening on udev Control Socket.
[    7.309687] systemd[1]: Listening on LVM2 metadata daemon socket.
[[0;32m  OK  [0m] Listening on LVM2 metadata daemon socket.
[    7.313840] systemd[1]: Listening on udev Kernel Socket.
[[0;32m  OK  [0m] Listening on udev Kernel Socket.
[    7.317031] systemd[1]: Started Trigger resolvconf update for networkd DNS.
[[0;32m  OK  [0m] Started Trigger resolvconf update for networkd DNS.
[    7.328283] systemd[1]: Reached target System Time Synchronized.
[[0;32m  OK  [0m] Reached target System Time Synchronized.
[    7.332834] systemd[1]: Created slice System Slice.
[[0;32m  OK  [0m] Created slice System Slice.
[    7.340564] systemd[1]: Created slice User and Session Slice.
[[0;32m  OK  [0m] Created slice User and Session Slice.
[    7.344612] systemd[1]: Listening on Device-mapper event daemon FIFOs.
[[0;32m  OK  [0m] Listening on Device-mapper event daemon FIFOs.
[    7.356464] systemd[1]: Reached target Slices.
[[0;32m  OK  [0m] Reached target Slices.
[    7.361764] systemd[1]: Listening on Journal Socket.
[[0;32m  OK  [0m] Listening on Journal Socket.
[    7.376385] systemd[1]: Mounting Huge Pages File System...
         Mounting Huge Pages File System...
[    7.386343] systemd[1]: Starting Uncomplicated firewall...
         Starting Uncomplicated firewall...
[    7.401185] systemd[1]: Starting Monitoring of LVM2 mirrors, snapshots etc. using dmeventd or progress polling...
         Starting Monitoring of LVM2 mirrors... dmeventd or progress polling...
[    7.414522] systemd[1]: Mounting POSIX Message Queue File System...
         Mounting POSIX Message Queue File System...
[    7.425456] systemd[1]: Starting Remount Root and Kernel File Systems...
         Starting Remount Root and Kernel File Systems...
[    7.441452] systemd[1]: Starting Nameserver information manager...
[    7.445442] EXT4-fs (sda1): re-mounted. Opts: (null)
         Starting Nameserver information manager...
[    7.465650] systemd[1]: Starting Set console keymap...
         Starting Set console keymap...
[    7.504499] systemd[1]: Mounting Debug File System...
         Mounting Debug File System...
[    7.518348] systemd[1]: Created slice system-serial\x2dgetty.slice.
[[0;32m  OK  [0m] Created slice system-serial\x2dgetty.slice.
[    7.552565] systemd[1]: Starting Load Kernel Modules...
         Starting Load Kernel Modules...
[    7.568740] systemd[1]: Starting Journal Service...
         Starting Journal Service...
[    7.580103] systemd[1]: Starting Create list of required static device nodes for the current kernel...
         Starting Create list of required st... nodes for the current kernel...
[    7.596533] systemd[1]: Mounted POSIX Message Queue File System.
[[0;32m  OK  [0m] Mounted POSIX Message Queue File System.
[    7.602780] systemd[1]: Mounted Debug File System.
[[0;32m  OK  [0m] Mounted Debug File System.
[    7.607048] systemd[1]: Mounted Huge Pages File System.
[    7.607548] Loading iSCSI transport class v2.0-870.
[[0;32m  OK  [0m] Mounted Huge Pages File System.
[    7.616938] systemd[1]: Started Uncomplicated firewall.
[[0;32m  OK  [0m] Started Uncomplicated firewall.
[    7.625076] systemd[1]: Started Remount Root and Kernel File Systems.
[[0;32m  OK  [0m] Started Remount Root and Kernel File Systems.
[    7.635482] iscsi: registered transport (tcp)
[    7.645561] systemd[1]: Started Set console keymap.
[[0;32m  OK  [0m] Started Set console keymap.
[    7.652554] systemd[1]: Started Create list of required static device nodes for the current kernel.
[[0;32m  OK  [0m] Started Create list of required sta...ce nodes for the current kernel.
[    7.662635] systemd[1]: Started Nameserver information manager.
[[0;32m  OK  [0m] Started Nameserver information manager.
[    7.679185] systemd[1]: Started LVM2 metadata daemon.
[[0;32m  OK  [0m] Started LVM2 metadata daemon.
[    7.686864] systemd[1]: Starting Create Static Device Nodes in /dev...
         Starting Create Static Device Nodes in /dev...
[    7.712222] systemd[1]: Starting udev Coldplug all Devices...
         Starting udev Coldplug all Devices...
[    7.717895] systemd[1]: Starting Load/Save Random Seed...
         Starting Load/Save Random Seed...
[    7.722579] systemd[1]: Started Journal Service.
[[0;32m  OK  [0m] Started Journal Service.
         Starting Flush Journal to Persistent Storage...
[[0;32m  OK  [0m] Started Load/Save Random See[    7.741910] random: nonblocking pool is initialized
d.
[    7.748895] systemd-journald[395]: Received request to flush runtime journal from PID 1
[[0;32m  OK  [0m] Started Flush Journal to Persistent Storage.
[    7.772569] iscsi: registered transport (iser)
[[0;32m  OK  [0m] Started Load Kernel Modules.
[[0;32m  OK  [0m] Started Create Static Device Nodes in /dev.
         Starting udev Kernel Device Manager...
         Mounting FUSE Control File System...
         Starting Apply Kernel Variables...
[[0;32m  OK  [0m] Mounted FUSE Control File System.
[[0;32m  OK  [0m] Started Apply Kernel Variables.
[[0;32m  OK  [0m] Started udev Coldplug all Devices.
[[0;32m  OK  [0m] Started udev Kernel Device Manager.
[[0;32m  OK  [0m] Started Dispatch Password Requests to Console Directory Watch.
[[0;32m  OK  [0m] Started Monitoring of LVM2 mirrors,...ng dmeventd or progress polling.
[[0;32m  OK  [0m] Reached target Local File Systems (Pre).
[[0;32m  OK  [0m] Reached target Local File Systems.
         Starting Commit a transient machine-id on disk...
         Starting Create Volatile Files and Directories...
         Starting LSB: AppArmor initialization...
         Starting Set console font and keymap...
         Starting Initial cloud-init job (pre-networking)...
         Starting Tell Plymouth To Write Out Runtime Data...
[[0;32m  OK  [0m] Started Commit a transient machine-id on disk.
[[0;32m  OK  [0m] Started Create Volatile Files and Directories.
[[0;32m  OK  [0m] Started Tell Plymouth To Write Out Runtime Data.
         Starting Update UTMP about System Boot/Shutdown...
[[0;32m  OK  [0m] Started Update UTMP about System Boot/Shutdown.
[[0;32m  OK  [0m] Found device /dev/ttyS0.
[[0;32m  OK  [0m] Listening on Load/Save RF Kill Switch Status /dev/rfkill Watch.
[[0;32m  OK  [0m] Started LSB: AppArmor initialization.
         Starting Load AppArmor profiles managed internally by snapd...
[[0;32m  OK  [0m] Started Load AppArmor profiles managed internally by snapd.
[[0;32m  OK  [0m] Started Set console font and keymap.
[[0;32m  OK  [0m] Created slice system-getty.slice.
[   10.707096] cloud-init[498]: Cloud-init v. 20.2-45-g5f7825e2-0ubuntu1~16.04.1 running 'init-local' at Tue, 28 Jul 2020 20:13:56 +0000. Up 9.96 seconds.
[[0;32m  OK  [0m] Started Initial cloud-init job (pre-networking).
[[0;32m  OK  [0m] Reached target Network (Pre).
         Starting Raise network interfaces...
[[0;32m  OK  [0m] Started Raise network interfaces.
         Starting Initial cloud-init job (metadata service crawler)...
[[0;32m  OK  [0m] Reached target Network.
[   13.179313] cloud-init[972]: Cloud-init v. 20.2-45-g5f7825e2-0ubuntu1~16.04.1 running 'init' at Tue, 28 Jul 2020 20:13:58 +0000. Up 11.92 seconds.
[   13.190296] cloud-init[972]: ci-info: ++++++++++++++++++++++++++++++++++++++Net device info+++++++++++++++++++++++++++++++++++++++
[   13.194341] cloud-init[972]: ci-info: +--------+-------+----------------------------+---------------+--------+-------------------+
[   13.202389] cloud-init[972]: ci-info: | Device |   Up  |          Address           |      Mask     | Scope  |     Hw-Address    |
[   13.206593] cloud-init[972]: ci-info: +--------+-------+----------------------------+---------------+--------+-------------------+
[   13.210240] cloud-init[972]: ci-info: | enp0s3 |  True |         10.0.2.15          | 255.255.255.0 | global | 02:e5:f9:b1:f5:c2 |
[   13.217256] cloud-init[972]: ci-info: | enp0s3 |  True | fe80::e5:f9ff:feb1:f5c2/64 |       .       |  link  | 02:e5:f9:b1:f5:c2 |
[   13.222244] cloud-init[972]: ci-info: | enp0s8 | False |             .              |       .       |   .    | 08:00:27:97:c9:12 |
[   13.227573] cloud-init[972]: ci-info: |   lo   |  True |         127.0.0.1          |   255.0.0.0   |  host  |         .         |
[   13.234832] cloud-init[972]: ci-info: |   lo   |  True |          ::1/128           |       .       |  host  |         .         |
[   13.238508] cloud-init[972]: ci-info: +--------+-------+----------------------------+---------------+--------+-------------------+
[   13.243051] cloud-init[972]: ci-info: +++++++++++++++++++++++++++Route IPv4 info++++++++++++++++++++++++++++
[   13.249455] cloud-init[972]: ci-info: +-------+-------------+----------+---------------+-----------+-------+
[   13.253993] cloud-init[972]: ci-info: | Route | Destination | Gateway  |    Genmask    | Interface | Flags |
[   13.257542] cloud-init[972]: ci-info: +-------+-------------+----------+---------------+-----------+-------+
[   13.259965] cloud-init[972]: ci-info: |   0   |   0.0.0.0   | 10.0.2.2 |    0.0.0.0    |   enp0s3  |   UG  |
[   13.265043] cloud-init[972]: ci-info: |   1   |   10.0.2.0  | 0.0.0.0  | 255.255.255.0 |   enp0s3  |   U   |
[   13.269707] cloud-init[972]: ci-info: +-------+-------------+----------+---------------+-----------+-------+
[   13.273450] cloud-init[972]: ci-info: +++++++++++++++++++Route IPv6 info+++++++++++++++++++
[   13.276259] cloud-init[972]: ci-info: +-------+-------------+---------+-----------+-------+
[   13.281323] cloud-init[972]: ci-info: | Route | Destination | Gateway | Interface | Flags |
[   13.285238] cloud-init[972]: ci-info: +-------+-------------+---------+-----------+-------+
[   13.288807] cloud-init[972]: ci-info: |   0   |  fe80::/64  |    ::   |   enp0s3  |   U   |
[   13.301059] cloud-init[972]: ci-info: |   3   |   ff00::/8  |    ::   |   enp0s3  |   U   |
[   13.305347] cloud-init[972]: ci-info: +-------+-------------+---------+-----------+-------+
[   13.308168] cloud-init[972]: Generating public/private rsa key pair.
[   13.310739] cloud-init[972]: Your identification has been saved in /etc/ssh/ssh_host_rsa_key.
[   13.318318] cloud-init[972]: Your public key has been saved in /etc/ssh/ssh_host_rsa_key.pub.
[   13.322285] cloud-init[972]: The key fingerprint is:
[   13.324347] cloud-init[972]: SHA256:RApShrwMK2/4AVk0IE9/9FSbFKMVCz/5Pc5KH3E2VPk root@ubuntu-xenial
[   13.327109] cloud-init[972]: The key's randomart image is:
[   13.329825] cloud-init[972]: +---[RSA 2048]----+
[   13.335304] cloud-init[972]: |o+=o+ . +.Bo    o|
[   13.337630] cloud-init[972]: |oo+= o = * *   ..|
[   13.339645] cloud-init[972]: | *... o + B    ..|
[   13.341349] cloud-init[972]: |= o  . .   o .. E|
[   13.342873] cloud-init[972]: |.+      S   . +.o|
[   13.345130] cloud-init[972]: |. +          o =.|
[   13.349022] cloud-init[972]: | o .        . +  |
[   13.360600] cloud-init[972]: |  .        . o . |
[   13.364243] cloud-init[972]: |            . .  |
[   13.367700] cloud-init[972]: +----[SHA256]-----+
[   13.369911] cloud-init[972]: Generating public/private dsa key pair.
[   13.371932] cloud-init[972]: Your identification has been saved in /etc/ssh/ssh_host_dsa_key.
[   13.374664] cloud-init[972]: Your public key has been saved in /etc/ssh/ssh_host_dsa_key.pub.
[   13.376542] cloud-init[972]: The key fingerprint is:
[   13.380515] cloud-init[972]: SHA256:bvAYVGLRi2hJCHvfIs9W9E9PJxDC10hdFH1KhmLeir8 root@ubuntu-xenial
[   13.384649] cloud-init[972]: The key's randomart image is:
[   13.386650] cloud-init[972]: +---[DSA 1024]----+
[   13.388786] cloud-init[972]: |.. .  ++o.o+ ++o |
[   13.391582] cloud-init[972]: | .. .. oo.=.+ o o|
[   13.394169] cloud-init[972]: |. .. oo. =.o o ..|
[   13.397097] cloud-init[972]: | . .++... ... .  |
[   13.402915] cloud-init[972]: |  ..o = S...o .  |
[   13.404859] cloud-init[972]: |   + o *.o.o o   |
[   13.406955] cloud-init[972]: |    + . +.. .    |
[   13.409087] cloud-init[972]: |   .   .  .      |
[[0;32m  OK  [0m] Started Initial cloud-init job (metadata service crawler).
[   13.422636] cloud-init[972]: |          E.     |
[[0;32m  OK  [0m] Reached target System Initialization.
[[   13.427243] cloud-init[972]: +----[SHA256]-----+
[   13.440883] cloud-init[972]: Generating public/private ecdsa key pair.
[0;32m  OK  [0m] Listening on ACPID Listen Socket.
[[   13.441588] cloud-init[972]: Your identification has been saved in /etc/ssh/ssh_host_ecdsa_key.
[0;32m  OK  [0m] Listening on D-Bus System Message Bus Socket.
[   13.453449] cloud-init[972]: Your public key has been saved in /etc/ssh/ssh_host_ecdsa_key.pub.
[[0;32m  OK  [0m] Started Message of the Day.
[   13.462984] cloud-init[972]: The key fingerprint is:
[[   13.469546] cloud-init[972]: SHA256:V+HEDafcAVDtelEFBJN/en5FFwwniZ9P1M/6QVcrxSg root@ubuntu-xenial
[0;32m  OK  [0m] Started Daily apt download activities.
[   13.471372] cloud-init[972]: The key's randomart image is:
[   13.484740] cloud-init[972]: +---[ECDSA 256]---+
[   13.485111] cloud-init[972]: |          .+X@@o+|
[   13.487033] cloud-init[972]: |           EoO=B+|
[   13.488106] cloud-init[972]: |            Bo=o=|
[   13.488199] cloud-init[972]: |           . +++B|
[[   13.488378] [0;32m  OK  [0mcloud-init] [972]: Listening on UUID daemon activation socket.|        S .  .=*o|

[   13.501054] cloud-init[972]: |         .  . +oo|
[   13.502120] cloud-init[972]: |             . +o|
[   13.503325] cloud-init[972]: |                +|
[   13.505028] cloud-init[972]: |                .|
         Starting Socket activation for snappy daemon.
[   13.507781] cloud-init[972]: +----[SHA256]-----+
[   13.511691] cloud-init[972]: Generating public/private ed25519 key pair.
[   13.517603] cloud-init[972]: Your identification has been saved in /etc/ssh/ssh_host_ed25519_key.
[[0;32m  OK  [0m] Started ACPI Events Check.
[   13.521119] cloud-init[972]: Your public key has been saved in /etc/ssh/ssh_host_ed25519_key.pub.
[[0;32m  OK  [0m] Reached target Paths.
[   13.525955] cloud-init[972]: The key fingerprint is:
[   13.529303] cloud-init[972]: SHA256:3MXS2iid3A21S0AXvjberOLQ9n/ziX1QH0s5gZOdzFQ root@ubuntu-xenial
[   13.535556] cloud-init[972]: The key's randomart image is:
[   13.535917] cloud-init[972]: +--[ED25519 256]--+
         Starting LXD - unix socket.
[[0;32m  OK  [0m] Started Daily apt upgrade and clean activities.
[   13.536196] cloud-init[972]: |           .o @oE|
[[0;32m  OK  [0m] Started Daily Cleanup of Temporary Directories.
[   13.546246] cloud-init[972]: |           o O B |
[[0;32m  OK  [0m] Reached target Timers.
[   13.562334] cloud-init[972]: |          . = = o|
[   13.574882] cloud-init[972]: |       . + O + B.|
[[0;32m  OK  [0m] Reached target Network is Online.
[   13.575712] cloud-init[972]: |        S B o B.=|
[   13.586166] cloud-init[972]: |         . . o.=.|
[   13.595756] cloud-init[972]: |          . o ..o|
[   13.618055] cloud-init[972]: |           o..oo+|
[   13.618996] cloud-init[972]: |           ..oo+B|
[   13.619337]          cloud-initStarting iSCSI initiator daemon (iscsid)...[972]: 
+----[SHA256]-----+
[[0;32m  OK  [0m] Reached target Cloud-config availability.
[[0;32m  OK  [0m] Listening on Socket activation for snappy daemon.
[[0;32m  OK  [0m] Listening on LXD - unix socket.
[[0;32m  OK  [0m] Reached target Sockets.
[[0;32m  OK  [0m] Reached target Basic System.
         Starting Virtualbox guest utils...
         Starting /etc/rc.local Compatibility...
         Starting Accounts Service...
         Starting LSB: Record successful boot for GRUB...
[[0;32m  OK  [0m] Started D-Bus System Message Bus.
         Starting Login Service...
         Starting Pollinate to seed the pseudo random number generator...
         Starting System Logging Service...
[[0;32m  OK  [0m] Started Regular background program processing daemon.
         Starting LXD - container startup/shutdown...
[[0;32m  OK  [0m] Started FUSE filesystem for LXC.
         Starting LSB: MD monitoring daemon...
[[0;32m  OK  [0m] Started ACPI event daemon.
[[0;32m  OK  [0m] Started Deferred execution scheduler.
         Starting Snap Daemon...
[[0;32m  OK  [0m] Started iSCSI initiator daemon (iscsid).
[[0;32m  OK  [0m] Started /etc/rc.local Compatibility.
         Starting Authenticate and Authorize Users to Run Privileged Tasks...
         Starting Login to default iSCSI targets...
[[0;32m  OK  [0m] Started Login Service.
[[0;32m  OK  [0m] Started Unattended Upgrades Shutdown.
[[0;32m  OK  [0m] Started System Logging Service.
[[0;32m  OK  [0m] Started LSB: Record successful boot for GRUB.
[[0;32m  OK  [0m] Started LSB: MD monitoring daemon.
[[0;32m  OK  [0m] Started Login to default iSCSI targets.
[[0;32m  OK  [0m] Reached target Remote File Systems (Pre).
[[0;32m  OK  [0m] Reached target Remote File Systems.
         Starting Permit User Sessions...
         Starting LSB: Set the CPU Frequency Scaling governor to "ondemand"...
         Starting LSB: automatic crash report generation...
         Starting LSB: daemon to balance interrupts for SMP systems...
[[0;32m  OK  [0m] Started Permit User Sessions.
[[0;32m  OK  [0m] Started Authenticate and Authorize Users to Run Privileged Tasks.
[[0;32m  OK  [0m] Started Accounts Service.
         Starting Terminate Plymouth Boot Screen...
         Starting Hold until boot process finishes up...
[[0;32m  OK  [0m] Started Terminate Plymouth Boot Screen.
[[0;32m  OK  [0m] Started Hold until boot process finishes up.
[[0;32m  OK  [0m] Started Getty on tty1.
[[0;32m  OK  [0m] Started Serial Getty on ttyS0.
[[0;32m  OK  [0m] Reached target Login Prompts.
         Starting Set console scheme...
[[0;32m  OK  [0m] Started LSB: Set the CPU Frequency Scaling governor to "ondemand".
[[0;32m  OK  [0m] Started Set console scheme.
[[0;32m  OK  [0m] Started LSB: automatic crash report generation.
[[0;32m  OK  [0m] Started LXD - container startup/shutdown.
[[0;32m  OK  [0m] Started LSB: daemon to balance interrupts for SMP systems.
[[0;32m  OK  [0m] Started Virtualbox guest utils.
[[0;32m  OK  [0m] Started Snap Daemon.
         Starting Wait until snapd is fully seeded...
[[0;32m  OK  [0m] Started Pollinate to seed the pseudo random number generator.
         Starting OpenBSD Secure Shell server...
[[0;32m  OK  [0m] Started OpenBSD Secure Shell server.
[[0;32m  OK  [0m] Started Wait until snapd is fully seeded.
         Starting Apply the settings specified in cloud-config...
[[0;32m  OK  [0m] Reached target Multi-User System.
[[0;32m  OK  [0m] Reached target Graphical Interface.
         Starting Update UTMP about System Runlevel Changes...
[[0;32m  OK  [0m] Started Update UTMP about System Runlevel Changes.
[   16.999904] cloud-init[1337]: Generating locales (this might take a while)...
[[0;32m  OK  [0m] Created slice User Slice of vagrant.
         Starting User Manager for UID 1000...
[[0;32m  OK  [0m] Started Session 1 of user vagrant.
[[0;32m  OK  [0m] Started User Manager for UID 1000.
[   18.938266] cloud-init[1337]:   en_US.UTF-8... done
[   18.945060] cloud-init[1337]: Generation complete.
[   19.985053] cloud-init[1337]: Cloud-init v. 20.2-45-g5f7825e2-0ubuntu1~16.04.1 running 'modules:config' at Tue, 28 Jul 2020 20:14:02 +0000. Up 16.79 seconds.

Ubuntu 16.04.6 LTS ubuntu-xenial ttyS0

ubuntu-xenial login: ci-info: no authorized SSH keys fingerprints found for user ubuntu.
<14>Jul 28 20:14:07 ec2: 
<14>Jul 28 20:14:07 ec2: #############################################################
<14>Jul 28 20:14:07 ec2: -----BEGIN SSH HOST KEY FINGERPRINTS-----
<14>Jul 28 20:14:07 ec2: 1024 SHA256:bvAYVGLRi2hJCHvfIs9W9E9PJxDC10hdFH1KhmLeir8 root@ubuntu-xenial (DSA)
<14>Jul 28 20:14:07 ec2: 256 SHA256:V+HEDafcAVDtelEFBJN/en5FFwwniZ9P1M/6QVcrxSg root@ubuntu-xenial (ECDSA)
<14>Jul 28 20:14:07 ec2: 256 SHA256:3MXS2iid3A21S0AXvjberOLQ9n/ziX1QH0s5gZOdzFQ root@ubuntu-xenial (ED25519)
<14>Jul 28 20:14:07 ec2: 2048 SHA256:RApShrwMK2/4AVk0IE9/9FSbFKMVCz/5Pc5KH3E2VPk root@ubuntu-xenial (RSA)
<14>Jul 28 20:14:07 ec2: -----END SSH HOST KEY FINGERPRINTS-----
<14>Jul 28 20:14:07 ec2: #############################################################
-----BEGIN SSH HOST KEY KEYS-----
ecdsa-sha2-nistp256 AAAAE2VjZHNhLXNoYTItbmlzdHAyNTYAAAAIbmlzdHAyNTYAAABBBM3NQcI0gwLpt3KGf4K4W7s2dS/ryfooqyRBB1Py4rr/ex6Wp/TMXtRTjWCastyZzRMyNMQ7sHaz0xVu13bI2LQ= root@ubuntu-xenial
ssh-ed25519 AAAAC3NzaC1lZDI1NTE5AAAAIO+NoUJhWHPDu75FX1H+JEwlecwxb8FUaZEn8KcE/CwR root@ubuntu-xenial
ssh-rsa AAAAB3NzaC1yc2EAAAADAQABAAABAQCwTwf1yinMagMSLBdXtpVOZtJ5gBhC+tKEzjkImxqypxEZ5+j5AKL3j6UfUjhOwF4QANirxF7v4gJA6T5tG9VLhZP4XSx738MzJMaAJNPSh/pO6uOpMGt0NvVMFxXQdkL/NbKcOOModMhT7G2+B0mQHPmcEoPspWX5Hm3YWctxB3EMcHePSKijy2N7WXV9aI59h85o7cH27z18zQ1gc9kAzeu0GCQc5BMX5eTPy9t+cf8crGY3rhTOW3qGAgr385V6IVDjQ3rHsQ5sr78oNyxSogqg8EbfSQJvvDMv8Wv//7p9k5gaw0SukMtmQxO6LDDH73qUoBa1jLn4CqdnV9YV root@ubuntu-xenial
-----END SSH HOST KEY KEYS-----
[   21.745225] cloud-init[1491]: Cloud-init v. 20.2-45-g5f7825e2-0ubuntu1~16.04.1 running 'modules:final' at Tue, 28 Jul 2020 20:14:07 +0000. Up 21.07 seconds.
[   21.746130] cloud-init[1491]: ci-info: no authorized SSH keys fingerprints found for user ubuntu.
[   21.756491] cloud-init[1491]: Cloud-init v. 20.2-45-g5f7825e2-0ubuntu1~16.04.1 finished at Tue, 28 Jul 2020 20:14:07 +0000. Datasource DataSourceNoCloud [seed=/dev/sdb][dsmode=net].  Up 21.72 seconds
